ARM GAS  /var/folders/3_/bwhprqbs4159v4wd5z0pb2nr0000gn/T//ccUMgJxN.s 			page 1


   1              		.cpu cortex-m4
   2              		.arch armv7e-m
   3              		.fpu fpv4-sp-d16
   4              		.eabi_attribute 27, 1
   5              		.eabi_attribute 28, 1
   6              		.eabi_attribute 20, 1
   7              		.eabi_attribute 21, 1
   8              		.eabi_attribute 23, 3
   9              		.eabi_attribute 24, 1
  10              		.eabi_attribute 25, 1
  11              		.eabi_attribute 26, 1
  12              		.eabi_attribute 30, 1
  13              		.eabi_attribute 34, 1
  14              		.eabi_attribute 18, 4
  15              		.file	"stm32f4xx_hal_exti.c"
  16              		.text
  17              	.Ltext0:
  18              		.cfi_sections	.debug_frame
  19              		.section	.text.HAL_EXTI_SetConfigLine,"ax",%progbits
  20              		.align	1
  21              		.global	HAL_EXTI_SetConfigLine
  22              		.syntax unified
  23              		.thumb
  24              		.thumb_func
  26              	HAL_EXTI_SetConfigLine:
  27              	.LVL0:
  28              	.LFB130:
  29              		.file 1 "stm32/Drivers/STM32F4xx_HAL_Driver/Src/stm32f4xx_hal_exti.c"
   1:stm32/Drivers/STM32F4xx_HAL_Driver/Src/stm32f4xx_hal_exti.c **** /**
   2:stm32/Drivers/STM32F4xx_HAL_Driver/Src/stm32f4xx_hal_exti.c ****   ******************************************************************************
   3:stm32/Drivers/STM32F4xx_HAL_Driver/Src/stm32f4xx_hal_exti.c ****   * @file    stm32f4xx_hal_exti.c
   4:stm32/Drivers/STM32F4xx_HAL_Driver/Src/stm32f4xx_hal_exti.c ****   * @author  MCD Application Team
   5:stm32/Drivers/STM32F4xx_HAL_Driver/Src/stm32f4xx_hal_exti.c ****   * @brief   EXTI HAL module driver.
   6:stm32/Drivers/STM32F4xx_HAL_Driver/Src/stm32f4xx_hal_exti.c ****   *          This file provides firmware functions to manage the following
   7:stm32/Drivers/STM32F4xx_HAL_Driver/Src/stm32f4xx_hal_exti.c ****   *          functionalities of the Extended Interrupts and events controller (EXTI) peripheral:
   8:stm32/Drivers/STM32F4xx_HAL_Driver/Src/stm32f4xx_hal_exti.c ****   *           + Initialization and de-initialization functions
   9:stm32/Drivers/STM32F4xx_HAL_Driver/Src/stm32f4xx_hal_exti.c ****   *           + IO operation functions
  10:stm32/Drivers/STM32F4xx_HAL_Driver/Src/stm32f4xx_hal_exti.c ****   *
  11:stm32/Drivers/STM32F4xx_HAL_Driver/Src/stm32f4xx_hal_exti.c ****   ******************************************************************************
  12:stm32/Drivers/STM32F4xx_HAL_Driver/Src/stm32f4xx_hal_exti.c ****   * @attention
  13:stm32/Drivers/STM32F4xx_HAL_Driver/Src/stm32f4xx_hal_exti.c ****   *
  14:stm32/Drivers/STM32F4xx_HAL_Driver/Src/stm32f4xx_hal_exti.c ****   * Copyright (c) 2018 STMicroelectronics.
  15:stm32/Drivers/STM32F4xx_HAL_Driver/Src/stm32f4xx_hal_exti.c ****   * All rights reserved.
  16:stm32/Drivers/STM32F4xx_HAL_Driver/Src/stm32f4xx_hal_exti.c ****   *
  17:stm32/Drivers/STM32F4xx_HAL_Driver/Src/stm32f4xx_hal_exti.c ****   * This software is licensed under terms that can be found in the LICENSE file
  18:stm32/Drivers/STM32F4xx_HAL_Driver/Src/stm32f4xx_hal_exti.c ****   * in the root directory of this software component.
  19:stm32/Drivers/STM32F4xx_HAL_Driver/Src/stm32f4xx_hal_exti.c ****   * If no LICENSE file comes with this software, it is provided AS-IS.
  20:stm32/Drivers/STM32F4xx_HAL_Driver/Src/stm32f4xx_hal_exti.c ****   *
  21:stm32/Drivers/STM32F4xx_HAL_Driver/Src/stm32f4xx_hal_exti.c ****   ******************************************************************************
  22:stm32/Drivers/STM32F4xx_HAL_Driver/Src/stm32f4xx_hal_exti.c ****   @verbatim
  23:stm32/Drivers/STM32F4xx_HAL_Driver/Src/stm32f4xx_hal_exti.c ****   ==============================================================================
  24:stm32/Drivers/STM32F4xx_HAL_Driver/Src/stm32f4xx_hal_exti.c ****                     ##### EXTI Peripheral features #####
  25:stm32/Drivers/STM32F4xx_HAL_Driver/Src/stm32f4xx_hal_exti.c ****   ==============================================================================
  26:stm32/Drivers/STM32F4xx_HAL_Driver/Src/stm32f4xx_hal_exti.c ****   [..]
  27:stm32/Drivers/STM32F4xx_HAL_Driver/Src/stm32f4xx_hal_exti.c ****     (+) Each Exti line can be configured within this driver.
  28:stm32/Drivers/STM32F4xx_HAL_Driver/Src/stm32f4xx_hal_exti.c **** 
  29:stm32/Drivers/STM32F4xx_HAL_Driver/Src/stm32f4xx_hal_exti.c ****     (+) Exti line can be configured in 3 different modes
ARM GAS  /var/folders/3_/bwhprqbs4159v4wd5z0pb2nr0000gn/T//ccUMgJxN.s 			page 2


  30:stm32/Drivers/STM32F4xx_HAL_Driver/Src/stm32f4xx_hal_exti.c ****         (++) Interrupt
  31:stm32/Drivers/STM32F4xx_HAL_Driver/Src/stm32f4xx_hal_exti.c ****         (++) Event
  32:stm32/Drivers/STM32F4xx_HAL_Driver/Src/stm32f4xx_hal_exti.c ****         (++) Both of them
  33:stm32/Drivers/STM32F4xx_HAL_Driver/Src/stm32f4xx_hal_exti.c **** 
  34:stm32/Drivers/STM32F4xx_HAL_Driver/Src/stm32f4xx_hal_exti.c ****     (+) Configurable Exti lines can be configured with 3 different triggers
  35:stm32/Drivers/STM32F4xx_HAL_Driver/Src/stm32f4xx_hal_exti.c ****         (++) Rising
  36:stm32/Drivers/STM32F4xx_HAL_Driver/Src/stm32f4xx_hal_exti.c ****         (++) Falling
  37:stm32/Drivers/STM32F4xx_HAL_Driver/Src/stm32f4xx_hal_exti.c ****         (++) Both of them
  38:stm32/Drivers/STM32F4xx_HAL_Driver/Src/stm32f4xx_hal_exti.c **** 
  39:stm32/Drivers/STM32F4xx_HAL_Driver/Src/stm32f4xx_hal_exti.c ****     (+) When set in interrupt mode, configurable Exti lines have two different
  40:stm32/Drivers/STM32F4xx_HAL_Driver/Src/stm32f4xx_hal_exti.c ****         interrupts pending registers which allow to distinguish which transition
  41:stm32/Drivers/STM32F4xx_HAL_Driver/Src/stm32f4xx_hal_exti.c ****         occurs:
  42:stm32/Drivers/STM32F4xx_HAL_Driver/Src/stm32f4xx_hal_exti.c ****         (++) Rising edge pending interrupt
  43:stm32/Drivers/STM32F4xx_HAL_Driver/Src/stm32f4xx_hal_exti.c ****         (++) Falling
  44:stm32/Drivers/STM32F4xx_HAL_Driver/Src/stm32f4xx_hal_exti.c **** 
  45:stm32/Drivers/STM32F4xx_HAL_Driver/Src/stm32f4xx_hal_exti.c ****     (+) Exti lines 0 to 15 are linked to gpio pin number 0 to 15. Gpio port can
  46:stm32/Drivers/STM32F4xx_HAL_Driver/Src/stm32f4xx_hal_exti.c ****         be selected through multiplexer.
  47:stm32/Drivers/STM32F4xx_HAL_Driver/Src/stm32f4xx_hal_exti.c **** 
  48:stm32/Drivers/STM32F4xx_HAL_Driver/Src/stm32f4xx_hal_exti.c ****                      ##### How to use this driver #####
  49:stm32/Drivers/STM32F4xx_HAL_Driver/Src/stm32f4xx_hal_exti.c ****   ==============================================================================
  50:stm32/Drivers/STM32F4xx_HAL_Driver/Src/stm32f4xx_hal_exti.c ****   [..]
  51:stm32/Drivers/STM32F4xx_HAL_Driver/Src/stm32f4xx_hal_exti.c **** 
  52:stm32/Drivers/STM32F4xx_HAL_Driver/Src/stm32f4xx_hal_exti.c ****     (#) Configure the EXTI line using HAL_EXTI_SetConfigLine().
  53:stm32/Drivers/STM32F4xx_HAL_Driver/Src/stm32f4xx_hal_exti.c ****         (++) Choose the interrupt line number by setting "Line" member from
  54:stm32/Drivers/STM32F4xx_HAL_Driver/Src/stm32f4xx_hal_exti.c ****              EXTI_ConfigTypeDef structure.
  55:stm32/Drivers/STM32F4xx_HAL_Driver/Src/stm32f4xx_hal_exti.c ****         (++) Configure the interrupt and/or event mode using "Mode" member from
  56:stm32/Drivers/STM32F4xx_HAL_Driver/Src/stm32f4xx_hal_exti.c ****              EXTI_ConfigTypeDef structure.
  57:stm32/Drivers/STM32F4xx_HAL_Driver/Src/stm32f4xx_hal_exti.c ****         (++) For configurable lines, configure rising and/or falling trigger
  58:stm32/Drivers/STM32F4xx_HAL_Driver/Src/stm32f4xx_hal_exti.c ****              "Trigger" member from EXTI_ConfigTypeDef structure.
  59:stm32/Drivers/STM32F4xx_HAL_Driver/Src/stm32f4xx_hal_exti.c ****         (++) For Exti lines linked to gpio, choose gpio port using "GPIOSel"
  60:stm32/Drivers/STM32F4xx_HAL_Driver/Src/stm32f4xx_hal_exti.c ****              member from GPIO_InitTypeDef structure.
  61:stm32/Drivers/STM32F4xx_HAL_Driver/Src/stm32f4xx_hal_exti.c **** 
  62:stm32/Drivers/STM32F4xx_HAL_Driver/Src/stm32f4xx_hal_exti.c ****     (#) Get current Exti configuration of a dedicated line using
  63:stm32/Drivers/STM32F4xx_HAL_Driver/Src/stm32f4xx_hal_exti.c ****         HAL_EXTI_GetConfigLine().
  64:stm32/Drivers/STM32F4xx_HAL_Driver/Src/stm32f4xx_hal_exti.c ****         (++) Provide exiting handle as parameter.
  65:stm32/Drivers/STM32F4xx_HAL_Driver/Src/stm32f4xx_hal_exti.c ****         (++) Provide pointer on EXTI_ConfigTypeDef structure as second parameter.
  66:stm32/Drivers/STM32F4xx_HAL_Driver/Src/stm32f4xx_hal_exti.c **** 
  67:stm32/Drivers/STM32F4xx_HAL_Driver/Src/stm32f4xx_hal_exti.c ****     (#) Clear Exti configuration of a dedicated line using HAL_EXTI_GetConfigLine().
  68:stm32/Drivers/STM32F4xx_HAL_Driver/Src/stm32f4xx_hal_exti.c ****         (++) Provide exiting handle as parameter.
  69:stm32/Drivers/STM32F4xx_HAL_Driver/Src/stm32f4xx_hal_exti.c **** 
  70:stm32/Drivers/STM32F4xx_HAL_Driver/Src/stm32f4xx_hal_exti.c ****     (#) Register callback to treat Exti interrupts using HAL_EXTI_RegisterCallback().
  71:stm32/Drivers/STM32F4xx_HAL_Driver/Src/stm32f4xx_hal_exti.c ****         (++) Provide exiting handle as first parameter.
  72:stm32/Drivers/STM32F4xx_HAL_Driver/Src/stm32f4xx_hal_exti.c ****         (++) Provide which callback will be registered using one value from
  73:stm32/Drivers/STM32F4xx_HAL_Driver/Src/stm32f4xx_hal_exti.c ****              EXTI_CallbackIDTypeDef.
  74:stm32/Drivers/STM32F4xx_HAL_Driver/Src/stm32f4xx_hal_exti.c ****         (++) Provide callback function pointer.
  75:stm32/Drivers/STM32F4xx_HAL_Driver/Src/stm32f4xx_hal_exti.c **** 
  76:stm32/Drivers/STM32F4xx_HAL_Driver/Src/stm32f4xx_hal_exti.c ****     (#) Get interrupt pending bit using HAL_EXTI_GetPending().
  77:stm32/Drivers/STM32F4xx_HAL_Driver/Src/stm32f4xx_hal_exti.c **** 
  78:stm32/Drivers/STM32F4xx_HAL_Driver/Src/stm32f4xx_hal_exti.c ****     (#) Clear interrupt pending bit using HAL_EXTI_GetPending().
  79:stm32/Drivers/STM32F4xx_HAL_Driver/Src/stm32f4xx_hal_exti.c **** 
  80:stm32/Drivers/STM32F4xx_HAL_Driver/Src/stm32f4xx_hal_exti.c ****     (#) Generate software interrupt using HAL_EXTI_GenerateSWI().
  81:stm32/Drivers/STM32F4xx_HAL_Driver/Src/stm32f4xx_hal_exti.c **** 
  82:stm32/Drivers/STM32F4xx_HAL_Driver/Src/stm32f4xx_hal_exti.c ****   @endverbatim
  83:stm32/Drivers/STM32F4xx_HAL_Driver/Src/stm32f4xx_hal_exti.c ****   */
  84:stm32/Drivers/STM32F4xx_HAL_Driver/Src/stm32f4xx_hal_exti.c **** 
  85:stm32/Drivers/STM32F4xx_HAL_Driver/Src/stm32f4xx_hal_exti.c **** /* Includes ------------------------------------------------------------------*/
  86:stm32/Drivers/STM32F4xx_HAL_Driver/Src/stm32f4xx_hal_exti.c **** #include "stm32f4xx_hal.h"
ARM GAS  /var/folders/3_/bwhprqbs4159v4wd5z0pb2nr0000gn/T//ccUMgJxN.s 			page 3


  87:stm32/Drivers/STM32F4xx_HAL_Driver/Src/stm32f4xx_hal_exti.c **** 
  88:stm32/Drivers/STM32F4xx_HAL_Driver/Src/stm32f4xx_hal_exti.c **** /** @addtogroup STM32F4xx_HAL_Driver
  89:stm32/Drivers/STM32F4xx_HAL_Driver/Src/stm32f4xx_hal_exti.c ****   * @{
  90:stm32/Drivers/STM32F4xx_HAL_Driver/Src/stm32f4xx_hal_exti.c ****   */
  91:stm32/Drivers/STM32F4xx_HAL_Driver/Src/stm32f4xx_hal_exti.c **** 
  92:stm32/Drivers/STM32F4xx_HAL_Driver/Src/stm32f4xx_hal_exti.c **** /** @addtogroup EXTI
  93:stm32/Drivers/STM32F4xx_HAL_Driver/Src/stm32f4xx_hal_exti.c ****   * @{
  94:stm32/Drivers/STM32F4xx_HAL_Driver/Src/stm32f4xx_hal_exti.c ****   */
  95:stm32/Drivers/STM32F4xx_HAL_Driver/Src/stm32f4xx_hal_exti.c **** /** MISRA C:2012 deviation rule has been granted for following rule:
  96:stm32/Drivers/STM32F4xx_HAL_Driver/Src/stm32f4xx_hal_exti.c ****   * Rule-18.1_b - Medium: Array `EXTICR' 1st subscript interval [0,7] may be out
  97:stm32/Drivers/STM32F4xx_HAL_Driver/Src/stm32f4xx_hal_exti.c ****   * of bounds [0,3] in following API :
  98:stm32/Drivers/STM32F4xx_HAL_Driver/Src/stm32f4xx_hal_exti.c ****   * HAL_EXTI_SetConfigLine
  99:stm32/Drivers/STM32F4xx_HAL_Driver/Src/stm32f4xx_hal_exti.c ****   * HAL_EXTI_GetConfigLine
 100:stm32/Drivers/STM32F4xx_HAL_Driver/Src/stm32f4xx_hal_exti.c ****   * HAL_EXTI_ClearConfigLine
 101:stm32/Drivers/STM32F4xx_HAL_Driver/Src/stm32f4xx_hal_exti.c ****   */
 102:stm32/Drivers/STM32F4xx_HAL_Driver/Src/stm32f4xx_hal_exti.c **** 
 103:stm32/Drivers/STM32F4xx_HAL_Driver/Src/stm32f4xx_hal_exti.c **** #ifdef HAL_EXTI_MODULE_ENABLED
 104:stm32/Drivers/STM32F4xx_HAL_Driver/Src/stm32f4xx_hal_exti.c **** 
 105:stm32/Drivers/STM32F4xx_HAL_Driver/Src/stm32f4xx_hal_exti.c **** /* Private typedef -----------------------------------------------------------*/
 106:stm32/Drivers/STM32F4xx_HAL_Driver/Src/stm32f4xx_hal_exti.c **** /* Private defines -----------------------------------------------------------*/
 107:stm32/Drivers/STM32F4xx_HAL_Driver/Src/stm32f4xx_hal_exti.c **** /** @defgroup EXTI_Private_Constants EXTI Private Constants
 108:stm32/Drivers/STM32F4xx_HAL_Driver/Src/stm32f4xx_hal_exti.c ****   * @{
 109:stm32/Drivers/STM32F4xx_HAL_Driver/Src/stm32f4xx_hal_exti.c ****   */
 110:stm32/Drivers/STM32F4xx_HAL_Driver/Src/stm32f4xx_hal_exti.c **** 
 111:stm32/Drivers/STM32F4xx_HAL_Driver/Src/stm32f4xx_hal_exti.c **** /**
 112:stm32/Drivers/STM32F4xx_HAL_Driver/Src/stm32f4xx_hal_exti.c ****   * @}
 113:stm32/Drivers/STM32F4xx_HAL_Driver/Src/stm32f4xx_hal_exti.c ****   */
 114:stm32/Drivers/STM32F4xx_HAL_Driver/Src/stm32f4xx_hal_exti.c **** 
 115:stm32/Drivers/STM32F4xx_HAL_Driver/Src/stm32f4xx_hal_exti.c **** /* Private macros ------------------------------------------------------------*/
 116:stm32/Drivers/STM32F4xx_HAL_Driver/Src/stm32f4xx_hal_exti.c **** /* Private variables ---------------------------------------------------------*/
 117:stm32/Drivers/STM32F4xx_HAL_Driver/Src/stm32f4xx_hal_exti.c **** /* Private function prototypes -----------------------------------------------*/
 118:stm32/Drivers/STM32F4xx_HAL_Driver/Src/stm32f4xx_hal_exti.c **** /* Exported functions --------------------------------------------------------*/
 119:stm32/Drivers/STM32F4xx_HAL_Driver/Src/stm32f4xx_hal_exti.c **** 
 120:stm32/Drivers/STM32F4xx_HAL_Driver/Src/stm32f4xx_hal_exti.c **** /** @addtogroup EXTI_Exported_Functions
 121:stm32/Drivers/STM32F4xx_HAL_Driver/Src/stm32f4xx_hal_exti.c ****   * @{
 122:stm32/Drivers/STM32F4xx_HAL_Driver/Src/stm32f4xx_hal_exti.c ****   */
 123:stm32/Drivers/STM32F4xx_HAL_Driver/Src/stm32f4xx_hal_exti.c **** 
 124:stm32/Drivers/STM32F4xx_HAL_Driver/Src/stm32f4xx_hal_exti.c **** /** @addtogroup EXTI_Exported_Functions_Group1
 125:stm32/Drivers/STM32F4xx_HAL_Driver/Src/stm32f4xx_hal_exti.c ****   *  @brief    Configuration functions
 126:stm32/Drivers/STM32F4xx_HAL_Driver/Src/stm32f4xx_hal_exti.c ****   *
 127:stm32/Drivers/STM32F4xx_HAL_Driver/Src/stm32f4xx_hal_exti.c **** @verbatim
 128:stm32/Drivers/STM32F4xx_HAL_Driver/Src/stm32f4xx_hal_exti.c ****  ===============================================================================
 129:stm32/Drivers/STM32F4xx_HAL_Driver/Src/stm32f4xx_hal_exti.c ****               ##### Configuration functions #####
 130:stm32/Drivers/STM32F4xx_HAL_Driver/Src/stm32f4xx_hal_exti.c ****  ===============================================================================
 131:stm32/Drivers/STM32F4xx_HAL_Driver/Src/stm32f4xx_hal_exti.c **** 
 132:stm32/Drivers/STM32F4xx_HAL_Driver/Src/stm32f4xx_hal_exti.c **** @endverbatim
 133:stm32/Drivers/STM32F4xx_HAL_Driver/Src/stm32f4xx_hal_exti.c ****   * @{
 134:stm32/Drivers/STM32F4xx_HAL_Driver/Src/stm32f4xx_hal_exti.c ****   */
 135:stm32/Drivers/STM32F4xx_HAL_Driver/Src/stm32f4xx_hal_exti.c **** 
 136:stm32/Drivers/STM32F4xx_HAL_Driver/Src/stm32f4xx_hal_exti.c **** /**
 137:stm32/Drivers/STM32F4xx_HAL_Driver/Src/stm32f4xx_hal_exti.c ****   * @brief  Set configuration of a dedicated Exti line.
 138:stm32/Drivers/STM32F4xx_HAL_Driver/Src/stm32f4xx_hal_exti.c ****   * @param  hexti Exti handle.
 139:stm32/Drivers/STM32F4xx_HAL_Driver/Src/stm32f4xx_hal_exti.c ****   * @param  pExtiConfig Pointer on EXTI configuration to be set.
 140:stm32/Drivers/STM32F4xx_HAL_Driver/Src/stm32f4xx_hal_exti.c ****   * @retval HAL Status.
 141:stm32/Drivers/STM32F4xx_HAL_Driver/Src/stm32f4xx_hal_exti.c ****   */
 142:stm32/Drivers/STM32F4xx_HAL_Driver/Src/stm32f4xx_hal_exti.c **** HAL_StatusTypeDef HAL_EXTI_SetConfigLine(EXTI_HandleTypeDef *hexti, EXTI_ConfigTypeDef *pExtiConfig
 143:stm32/Drivers/STM32F4xx_HAL_Driver/Src/stm32f4xx_hal_exti.c **** {
ARM GAS  /var/folders/3_/bwhprqbs4159v4wd5z0pb2nr0000gn/T//ccUMgJxN.s 			page 4


  30              		.loc 1 143 1 view -0
  31              		.cfi_startproc
  32              		@ args = 0, pretend = 0, frame = 0
  33              		@ frame_needed = 0, uses_anonymous_args = 0
  34              		@ link register save eliminated.
 144:stm32/Drivers/STM32F4xx_HAL_Driver/Src/stm32f4xx_hal_exti.c ****   uint32_t regval;
  35              		.loc 1 144 3 view .LVU1
 145:stm32/Drivers/STM32F4xx_HAL_Driver/Src/stm32f4xx_hal_exti.c ****   uint32_t linepos;
  36              		.loc 1 145 3 view .LVU2
 146:stm32/Drivers/STM32F4xx_HAL_Driver/Src/stm32f4xx_hal_exti.c ****   uint32_t maskline;
  37              		.loc 1 146 3 view .LVU3
 147:stm32/Drivers/STM32F4xx_HAL_Driver/Src/stm32f4xx_hal_exti.c **** 
 148:stm32/Drivers/STM32F4xx_HAL_Driver/Src/stm32f4xx_hal_exti.c ****   /* Check null pointer */
 149:stm32/Drivers/STM32F4xx_HAL_Driver/Src/stm32f4xx_hal_exti.c ****   if ((hexti == NULL) || (pExtiConfig == NULL))
  38              		.loc 1 149 3 view .LVU4
  39              		.loc 1 149 6 is_stmt 0 view .LVU5
  40 0000 0028     		cmp	r0, #0
  41 0002 60D0     		beq	.L11
  42              		.loc 1 149 23 discriminator 1 view .LVU6
  43 0004 0029     		cmp	r1, #0
  44 0006 60D0     		beq	.L12
 143:stm32/Drivers/STM32F4xx_HAL_Driver/Src/stm32f4xx_hal_exti.c ****   uint32_t regval;
  45              		.loc 1 143 1 view .LVU7
  46 0008 70B4     		push	{r4, r5, r6}
  47              	.LCFI0:
  48              		.cfi_def_cfa_offset 12
  49              		.cfi_offset 4, -12
  50              		.cfi_offset 5, -8
  51              		.cfi_offset 6, -4
 150:stm32/Drivers/STM32F4xx_HAL_Driver/Src/stm32f4xx_hal_exti.c ****   {
 151:stm32/Drivers/STM32F4xx_HAL_Driver/Src/stm32f4xx_hal_exti.c ****     return HAL_ERROR;
 152:stm32/Drivers/STM32F4xx_HAL_Driver/Src/stm32f4xx_hal_exti.c ****   }
 153:stm32/Drivers/STM32F4xx_HAL_Driver/Src/stm32f4xx_hal_exti.c **** 
 154:stm32/Drivers/STM32F4xx_HAL_Driver/Src/stm32f4xx_hal_exti.c ****   /* Check parameters */
 155:stm32/Drivers/STM32F4xx_HAL_Driver/Src/stm32f4xx_hal_exti.c ****   assert_param(IS_EXTI_LINE(pExtiConfig->Line));
  52              		.loc 1 155 3 is_stmt 1 view .LVU8
 156:stm32/Drivers/STM32F4xx_HAL_Driver/Src/stm32f4xx_hal_exti.c ****   assert_param(IS_EXTI_MODE(pExtiConfig->Mode));
  53              		.loc 1 156 3 view .LVU9
 157:stm32/Drivers/STM32F4xx_HAL_Driver/Src/stm32f4xx_hal_exti.c **** 
 158:stm32/Drivers/STM32F4xx_HAL_Driver/Src/stm32f4xx_hal_exti.c ****   /* Assign line number to handle */
 159:stm32/Drivers/STM32F4xx_HAL_Driver/Src/stm32f4xx_hal_exti.c ****   hexti->Line = pExtiConfig->Line;
  54              		.loc 1 159 3 view .LVU10
  55              		.loc 1 159 28 is_stmt 0 view .LVU11
  56 000a 0B68     		ldr	r3, [r1]
  57              		.loc 1 159 15 view .LVU12
  58 000c 0360     		str	r3, [r0]
 160:stm32/Drivers/STM32F4xx_HAL_Driver/Src/stm32f4xx_hal_exti.c **** 
 161:stm32/Drivers/STM32F4xx_HAL_Driver/Src/stm32f4xx_hal_exti.c ****   /* Compute line mask */
 162:stm32/Drivers/STM32F4xx_HAL_Driver/Src/stm32f4xx_hal_exti.c ****   linepos = (pExtiConfig->Line & EXTI_PIN_MASK);
  59              		.loc 1 162 3 is_stmt 1 view .LVU13
  60              		.loc 1 162 11 is_stmt 0 view .LVU14
  61 000e 03F01F02 		and	r2, r3, #31
  62              	.LVL1:
 163:stm32/Drivers/STM32F4xx_HAL_Driver/Src/stm32f4xx_hal_exti.c ****   maskline = (1uL << linepos);
  63              		.loc 1 163 3 is_stmt 1 view .LVU15
  64              		.loc 1 163 12 is_stmt 0 view .LVU16
  65 0012 0120     		movs	r0, #1
ARM GAS  /var/folders/3_/bwhprqbs4159v4wd5z0pb2nr0000gn/T//ccUMgJxN.s 			page 5


  66              	.LVL2:
  67              		.loc 1 163 12 view .LVU17
  68 0014 9040     		lsls	r0, r0, r2
  69              	.LVL3:
 164:stm32/Drivers/STM32F4xx_HAL_Driver/Src/stm32f4xx_hal_exti.c **** 
 165:stm32/Drivers/STM32F4xx_HAL_Driver/Src/stm32f4xx_hal_exti.c ****   /* Configure triggers for configurable lines */
 166:stm32/Drivers/STM32F4xx_HAL_Driver/Src/stm32f4xx_hal_exti.c ****   if ((pExtiConfig->Line & EXTI_CONFIG) != 0x00u)
  70              		.loc 1 166 3 is_stmt 1 view .LVU18
  71              		.loc 1 166 6 is_stmt 0 view .LVU19
  72 0016 13F0007F 		tst	r3, #33554432
  73 001a 15D0     		beq	.L3
 167:stm32/Drivers/STM32F4xx_HAL_Driver/Src/stm32f4xx_hal_exti.c ****   {
 168:stm32/Drivers/STM32F4xx_HAL_Driver/Src/stm32f4xx_hal_exti.c ****     assert_param(IS_EXTI_TRIGGER(pExtiConfig->Trigger));
  74              		.loc 1 168 5 is_stmt 1 view .LVU20
 169:stm32/Drivers/STM32F4xx_HAL_Driver/Src/stm32f4xx_hal_exti.c **** 
 170:stm32/Drivers/STM32F4xx_HAL_Driver/Src/stm32f4xx_hal_exti.c ****     /* Configure rising trigger */
 171:stm32/Drivers/STM32F4xx_HAL_Driver/Src/stm32f4xx_hal_exti.c ****     /* Mask or set line */
 172:stm32/Drivers/STM32F4xx_HAL_Driver/Src/stm32f4xx_hal_exti.c ****     if ((pExtiConfig->Trigger & EXTI_TRIGGER_RISING) != 0x00u)
  75              		.loc 1 172 5 view .LVU21
  76              		.loc 1 172 8 is_stmt 0 view .LVU22
  77 001c 8C68     		ldr	r4, [r1, #8]
  78 001e 14F0010F 		tst	r4, #1
  79 0022 24D0     		beq	.L4
 173:stm32/Drivers/STM32F4xx_HAL_Driver/Src/stm32f4xx_hal_exti.c ****     {
 174:stm32/Drivers/STM32F4xx_HAL_Driver/Src/stm32f4xx_hal_exti.c ****       EXTI->RTSR |= maskline;
  80              		.loc 1 174 7 is_stmt 1 view .LVU23
  81              		.loc 1 174 18 is_stmt 0 view .LVU24
  82 0024 2A4D     		ldr	r5, .L18
  83 0026 AC68     		ldr	r4, [r5, #8]
  84 0028 0443     		orrs	r4, r4, r0
  85 002a AC60     		str	r4, [r5, #8]
  86              	.L5:
 175:stm32/Drivers/STM32F4xx_HAL_Driver/Src/stm32f4xx_hal_exti.c ****     }
 176:stm32/Drivers/STM32F4xx_HAL_Driver/Src/stm32f4xx_hal_exti.c ****     else
 177:stm32/Drivers/STM32F4xx_HAL_Driver/Src/stm32f4xx_hal_exti.c ****     {
 178:stm32/Drivers/STM32F4xx_HAL_Driver/Src/stm32f4xx_hal_exti.c ****       EXTI->RTSR &= ~maskline;
 179:stm32/Drivers/STM32F4xx_HAL_Driver/Src/stm32f4xx_hal_exti.c ****     }
 180:stm32/Drivers/STM32F4xx_HAL_Driver/Src/stm32f4xx_hal_exti.c **** 
 181:stm32/Drivers/STM32F4xx_HAL_Driver/Src/stm32f4xx_hal_exti.c ****     /* Configure falling trigger */
 182:stm32/Drivers/STM32F4xx_HAL_Driver/Src/stm32f4xx_hal_exti.c ****     /* Mask or set line */
 183:stm32/Drivers/STM32F4xx_HAL_Driver/Src/stm32f4xx_hal_exti.c ****     if ((pExtiConfig->Trigger & EXTI_TRIGGER_FALLING) != 0x00u)
  87              		.loc 1 183 5 is_stmt 1 view .LVU25
  88              		.loc 1 183 8 is_stmt 0 view .LVU26
  89 002c 8C68     		ldr	r4, [r1, #8]
  90 002e 14F0020F 		tst	r4, #2
  91 0032 22D0     		beq	.L6
 184:stm32/Drivers/STM32F4xx_HAL_Driver/Src/stm32f4xx_hal_exti.c ****     {
 185:stm32/Drivers/STM32F4xx_HAL_Driver/Src/stm32f4xx_hal_exti.c ****       EXTI->FTSR |= maskline;
  92              		.loc 1 185 7 is_stmt 1 view .LVU27
  93              		.loc 1 185 18 is_stmt 0 view .LVU28
  94 0034 264D     		ldr	r5, .L18
  95 0036 EC68     		ldr	r4, [r5, #12]
  96 0038 0443     		orrs	r4, r4, r0
  97 003a EC60     		str	r4, [r5, #12]
  98              	.L7:
 186:stm32/Drivers/STM32F4xx_HAL_Driver/Src/stm32f4xx_hal_exti.c ****     }
 187:stm32/Drivers/STM32F4xx_HAL_Driver/Src/stm32f4xx_hal_exti.c ****     else
ARM GAS  /var/folders/3_/bwhprqbs4159v4wd5z0pb2nr0000gn/T//ccUMgJxN.s 			page 6


 188:stm32/Drivers/STM32F4xx_HAL_Driver/Src/stm32f4xx_hal_exti.c ****     {
 189:stm32/Drivers/STM32F4xx_HAL_Driver/Src/stm32f4xx_hal_exti.c ****       EXTI->FTSR &= ~maskline;
 190:stm32/Drivers/STM32F4xx_HAL_Driver/Src/stm32f4xx_hal_exti.c ****     }
 191:stm32/Drivers/STM32F4xx_HAL_Driver/Src/stm32f4xx_hal_exti.c **** 
 192:stm32/Drivers/STM32F4xx_HAL_Driver/Src/stm32f4xx_hal_exti.c **** 
 193:stm32/Drivers/STM32F4xx_HAL_Driver/Src/stm32f4xx_hal_exti.c ****     /* Configure gpio port selection in case of gpio exti line */
 194:stm32/Drivers/STM32F4xx_HAL_Driver/Src/stm32f4xx_hal_exti.c ****     if ((pExtiConfig->Line & EXTI_GPIO) == EXTI_GPIO)
  99              		.loc 1 194 5 is_stmt 1 view .LVU29
 100              		.loc 1 194 28 is_stmt 0 view .LVU30
 101 003c 0C68     		ldr	r4, [r1]
 102 003e 04F0C06C 		and	ip, r4, #100663296
 103              		.loc 1 194 8 view .LVU31
 104 0042 BCF1C06F 		cmp	ip, #100663296
 105 0046 1ED0     		beq	.L17
 106              	.LVL4:
 107              	.L3:
 195:stm32/Drivers/STM32F4xx_HAL_Driver/Src/stm32f4xx_hal_exti.c ****     {
 196:stm32/Drivers/STM32F4xx_HAL_Driver/Src/stm32f4xx_hal_exti.c ****       assert_param(IS_EXTI_GPIO_PORT(pExtiConfig->GPIOSel));
 197:stm32/Drivers/STM32F4xx_HAL_Driver/Src/stm32f4xx_hal_exti.c ****       assert_param(IS_EXTI_GPIO_PIN(linepos));
 198:stm32/Drivers/STM32F4xx_HAL_Driver/Src/stm32f4xx_hal_exti.c **** 
 199:stm32/Drivers/STM32F4xx_HAL_Driver/Src/stm32f4xx_hal_exti.c ****       regval = SYSCFG->EXTICR[linepos >> 2u];
 200:stm32/Drivers/STM32F4xx_HAL_Driver/Src/stm32f4xx_hal_exti.c ****       regval &= ~(SYSCFG_EXTICR1_EXTI0 << (SYSCFG_EXTICR1_EXTI1_Pos * (linepos & 0x03u)));
 201:stm32/Drivers/STM32F4xx_HAL_Driver/Src/stm32f4xx_hal_exti.c ****       regval |= (pExtiConfig->GPIOSel << (SYSCFG_EXTICR1_EXTI1_Pos * (linepos & 0x03u)));
 202:stm32/Drivers/STM32F4xx_HAL_Driver/Src/stm32f4xx_hal_exti.c ****       SYSCFG->EXTICR[linepos >> 2u] = regval;
 203:stm32/Drivers/STM32F4xx_HAL_Driver/Src/stm32f4xx_hal_exti.c ****     }
 204:stm32/Drivers/STM32F4xx_HAL_Driver/Src/stm32f4xx_hal_exti.c ****   }
 205:stm32/Drivers/STM32F4xx_HAL_Driver/Src/stm32f4xx_hal_exti.c **** 
 206:stm32/Drivers/STM32F4xx_HAL_Driver/Src/stm32f4xx_hal_exti.c ****   /* Configure interrupt mode : read current mode */
 207:stm32/Drivers/STM32F4xx_HAL_Driver/Src/stm32f4xx_hal_exti.c ****   /* Mask or set line */
 208:stm32/Drivers/STM32F4xx_HAL_Driver/Src/stm32f4xx_hal_exti.c ****   if ((pExtiConfig->Mode & EXTI_MODE_INTERRUPT) != 0x00u)
 108              		.loc 1 208 3 is_stmt 1 view .LVU32
 109              		.loc 1 208 19 is_stmt 0 view .LVU33
 110 0048 4B68     		ldr	r3, [r1, #4]
 111              		.loc 1 208 6 view .LVU34
 112 004a 13F0010F 		tst	r3, #1
 113 004e 2DD0     		beq	.L8
 209:stm32/Drivers/STM32F4xx_HAL_Driver/Src/stm32f4xx_hal_exti.c ****   {
 210:stm32/Drivers/STM32F4xx_HAL_Driver/Src/stm32f4xx_hal_exti.c ****     EXTI->IMR |= maskline;
 114              		.loc 1 210 5 is_stmt 1 view .LVU35
 115              		.loc 1 210 15 is_stmt 0 view .LVU36
 116 0050 1F4A     		ldr	r2, .L18
 117 0052 1368     		ldr	r3, [r2]
 118 0054 0343     		orrs	r3, r3, r0
 119 0056 1360     		str	r3, [r2]
 120              	.L9:
 211:stm32/Drivers/STM32F4xx_HAL_Driver/Src/stm32f4xx_hal_exti.c ****   }
 212:stm32/Drivers/STM32F4xx_HAL_Driver/Src/stm32f4xx_hal_exti.c ****   else
 213:stm32/Drivers/STM32F4xx_HAL_Driver/Src/stm32f4xx_hal_exti.c ****   {
 214:stm32/Drivers/STM32F4xx_HAL_Driver/Src/stm32f4xx_hal_exti.c ****     EXTI->IMR &= ~maskline;
 215:stm32/Drivers/STM32F4xx_HAL_Driver/Src/stm32f4xx_hal_exti.c ****   }
 216:stm32/Drivers/STM32F4xx_HAL_Driver/Src/stm32f4xx_hal_exti.c **** 
 217:stm32/Drivers/STM32F4xx_HAL_Driver/Src/stm32f4xx_hal_exti.c ****   /* Configure event mode : read current mode */
 218:stm32/Drivers/STM32F4xx_HAL_Driver/Src/stm32f4xx_hal_exti.c ****   /* Mask or set line */
 219:stm32/Drivers/STM32F4xx_HAL_Driver/Src/stm32f4xx_hal_exti.c ****   if ((pExtiConfig->Mode & EXTI_MODE_EVENT) != 0x00u)
 121              		.loc 1 219 3 is_stmt 1 view .LVU37
 122              		.loc 1 219 19 is_stmt 0 view .LVU38
 123 0058 4B68     		ldr	r3, [r1, #4]
ARM GAS  /var/folders/3_/bwhprqbs4159v4wd5z0pb2nr0000gn/T//ccUMgJxN.s 			page 7


 124              		.loc 1 219 6 view .LVU39
 125 005a 13F0020F 		tst	r3, #2
 126 005e 2BD0     		beq	.L10
 220:stm32/Drivers/STM32F4xx_HAL_Driver/Src/stm32f4xx_hal_exti.c ****   {
 221:stm32/Drivers/STM32F4xx_HAL_Driver/Src/stm32f4xx_hal_exti.c ****     EXTI->EMR |= maskline;
 127              		.loc 1 221 5 is_stmt 1 view .LVU40
 128              		.loc 1 221 15 is_stmt 0 view .LVU41
 129 0060 1B4A     		ldr	r2, .L18
 130 0062 5368     		ldr	r3, [r2, #4]
 131 0064 0343     		orrs	r3, r3, r0
 132 0066 5360     		str	r3, [r2, #4]
 222:stm32/Drivers/STM32F4xx_HAL_Driver/Src/stm32f4xx_hal_exti.c ****   }
 223:stm32/Drivers/STM32F4xx_HAL_Driver/Src/stm32f4xx_hal_exti.c ****   else
 224:stm32/Drivers/STM32F4xx_HAL_Driver/Src/stm32f4xx_hal_exti.c ****   {
 225:stm32/Drivers/STM32F4xx_HAL_Driver/Src/stm32f4xx_hal_exti.c ****     EXTI->EMR &= ~maskline;
 226:stm32/Drivers/STM32F4xx_HAL_Driver/Src/stm32f4xx_hal_exti.c ****   }
 227:stm32/Drivers/STM32F4xx_HAL_Driver/Src/stm32f4xx_hal_exti.c **** 
 228:stm32/Drivers/STM32F4xx_HAL_Driver/Src/stm32f4xx_hal_exti.c ****   return HAL_OK;
 133              		.loc 1 228 10 view .LVU42
 134 0068 0020     		movs	r0, #0
 135              	.LVL5:
 136              	.L2:
 229:stm32/Drivers/STM32F4xx_HAL_Driver/Src/stm32f4xx_hal_exti.c **** }
 137              		.loc 1 229 1 view .LVU43
 138 006a 70BC     		pop	{r4, r5, r6}
 139              	.LCFI1:
 140              		.cfi_remember_state
 141              		.cfi_restore 6
 142              		.cfi_restore 5
 143              		.cfi_restore 4
 144              		.cfi_def_cfa_offset 0
 145 006c 7047     		bx	lr
 146              	.LVL6:
 147              	.L4:
 148              	.LCFI2:
 149              		.cfi_restore_state
 178:stm32/Drivers/STM32F4xx_HAL_Driver/Src/stm32f4xx_hal_exti.c ****     }
 150              		.loc 1 178 7 is_stmt 1 view .LVU44
 178:stm32/Drivers/STM32F4xx_HAL_Driver/Src/stm32f4xx_hal_exti.c ****     }
 151              		.loc 1 178 18 is_stmt 0 view .LVU45
 152 006e 184D     		ldr	r5, .L18
 153 0070 AC68     		ldr	r4, [r5, #8]
 154 0072 24EA0004 		bic	r4, r4, r0
 155 0076 AC60     		str	r4, [r5, #8]
 156 0078 D8E7     		b	.L5
 157              	.L6:
 189:stm32/Drivers/STM32F4xx_HAL_Driver/Src/stm32f4xx_hal_exti.c ****     }
 158              		.loc 1 189 7 is_stmt 1 view .LVU46
 189:stm32/Drivers/STM32F4xx_HAL_Driver/Src/stm32f4xx_hal_exti.c ****     }
 159              		.loc 1 189 18 is_stmt 0 view .LVU47
 160 007a 154D     		ldr	r5, .L18
 161 007c EC68     		ldr	r4, [r5, #12]
 162 007e 24EA0004 		bic	r4, r4, r0
 163 0082 EC60     		str	r4, [r5, #12]
 164 0084 DAE7     		b	.L7
 165              	.L17:
 196:stm32/Drivers/STM32F4xx_HAL_Driver/Src/stm32f4xx_hal_exti.c ****       assert_param(IS_EXTI_GPIO_PIN(linepos));
ARM GAS  /var/folders/3_/bwhprqbs4159v4wd5z0pb2nr0000gn/T//ccUMgJxN.s 			page 8


 166              		.loc 1 196 7 is_stmt 1 view .LVU48
 197:stm32/Drivers/STM32F4xx_HAL_Driver/Src/stm32f4xx_hal_exti.c **** 
 167              		.loc 1 197 7 view .LVU49
 199:stm32/Drivers/STM32F4xx_HAL_Driver/Src/stm32f4xx_hal_exti.c ****       regval &= ~(SYSCFG_EXTICR1_EXTI0 << (SYSCFG_EXTICR1_EXTI1_Pos * (linepos & 0x03u)));
 168              		.loc 1 199 7 view .LVU50
 199:stm32/Drivers/STM32F4xx_HAL_Driver/Src/stm32f4xx_hal_exti.c ****       regval &= ~(SYSCFG_EXTICR1_EXTI0 << (SYSCFG_EXTICR1_EXTI1_Pos * (linepos & 0x03u)));
 169              		.loc 1 199 39 is_stmt 0 view .LVU51
 170 0086 9208     		lsrs	r2, r2, #2
 171              	.LVL7:
 199:stm32/Drivers/STM32F4xx_HAL_Driver/Src/stm32f4xx_hal_exti.c ****       regval &= ~(SYSCFG_EXTICR1_EXTI0 << (SYSCFG_EXTICR1_EXTI1_Pos * (linepos & 0x03u)));
 172              		.loc 1 199 14 view .LVU52
 173 0088 124E     		ldr	r6, .L18+4
 174 008a 0232     		adds	r2, r2, #2
 175 008c 56F82240 		ldr	r4, [r6, r2, lsl #2]
 176              	.LVL8:
 200:stm32/Drivers/STM32F4xx_HAL_Driver/Src/stm32f4xx_hal_exti.c ****       regval |= (pExtiConfig->GPIOSel << (SYSCFG_EXTICR1_EXTI1_Pos * (linepos & 0x03u)));
 177              		.loc 1 200 7 is_stmt 1 view .LVU53
 200:stm32/Drivers/STM32F4xx_HAL_Driver/Src/stm32f4xx_hal_exti.c ****       regval |= (pExtiConfig->GPIOSel << (SYSCFG_EXTICR1_EXTI1_Pos * (linepos & 0x03u)));
 178              		.loc 1 200 80 is_stmt 0 view .LVU54
 179 0090 03F00303 		and	r3, r3, #3
 180              	.LVL9:
 200:stm32/Drivers/STM32F4xx_HAL_Driver/Src/stm32f4xx_hal_exti.c ****       regval |= (pExtiConfig->GPIOSel << (SYSCFG_EXTICR1_EXTI1_Pos * (linepos & 0x03u)));
 181              		.loc 1 200 69 view .LVU55
 182 0094 9B00     		lsls	r3, r3, #2
 200:stm32/Drivers/STM32F4xx_HAL_Driver/Src/stm32f4xx_hal_exti.c ****       regval |= (pExtiConfig->GPIOSel << (SYSCFG_EXTICR1_EXTI1_Pos * (linepos & 0x03u)));
 183              		.loc 1 200 40 view .LVU56
 184 0096 0F25     		movs	r5, #15
 185 0098 9D40     		lsls	r5, r5, r3
 200:stm32/Drivers/STM32F4xx_HAL_Driver/Src/stm32f4xx_hal_exti.c ****       regval |= (pExtiConfig->GPIOSel << (SYSCFG_EXTICR1_EXTI1_Pos * (linepos & 0x03u)));
 186              		.loc 1 200 14 view .LVU57
 187 009a 24EA0504 		bic	r4, r4, r5
 188              	.LVL10:
 201:stm32/Drivers/STM32F4xx_HAL_Driver/Src/stm32f4xx_hal_exti.c ****       SYSCFG->EXTICR[linepos >> 2u] = regval;
 189              		.loc 1 201 7 is_stmt 1 view .LVU58
 201:stm32/Drivers/STM32F4xx_HAL_Driver/Src/stm32f4xx_hal_exti.c ****       SYSCFG->EXTICR[linepos >> 2u] = regval;
 190              		.loc 1 201 39 is_stmt 0 view .LVU59
 191 009e CD68     		ldr	r5, [r1, #12]
 192 00a0 05FA03F3 		lsl	r3, r5, r3
 201:stm32/Drivers/STM32F4xx_HAL_Driver/Src/stm32f4xx_hal_exti.c ****       SYSCFG->EXTICR[linepos >> 2u] = regval;
 193              		.loc 1 201 14 view .LVU60
 194 00a4 2343     		orrs	r3, r3, r4
 195              	.LVL11:
 202:stm32/Drivers/STM32F4xx_HAL_Driver/Src/stm32f4xx_hal_exti.c ****     }
 196              		.loc 1 202 7 is_stmt 1 view .LVU61
 202:stm32/Drivers/STM32F4xx_HAL_Driver/Src/stm32f4xx_hal_exti.c ****     }
 197              		.loc 1 202 37 is_stmt 0 view .LVU62
 198 00a6 46F82230 		str	r3, [r6, r2, lsl #2]
 199 00aa CDE7     		b	.L3
 200              	.LVL12:
 201              	.L8:
 214:stm32/Drivers/STM32F4xx_HAL_Driver/Src/stm32f4xx_hal_exti.c ****   }
 202              		.loc 1 214 5 is_stmt 1 view .LVU63
 214:stm32/Drivers/STM32F4xx_HAL_Driver/Src/stm32f4xx_hal_exti.c ****   }
 203              		.loc 1 214 15 is_stmt 0 view .LVU64
 204 00ac 084A     		ldr	r2, .L18
 205 00ae 1368     		ldr	r3, [r2]
 206 00b0 23EA0003 		bic	r3, r3, r0
ARM GAS  /var/folders/3_/bwhprqbs4159v4wd5z0pb2nr0000gn/T//ccUMgJxN.s 			page 9


 207 00b4 1360     		str	r3, [r2]
 208 00b6 CFE7     		b	.L9
 209              	.L10:
 225:stm32/Drivers/STM32F4xx_HAL_Driver/Src/stm32f4xx_hal_exti.c ****   }
 210              		.loc 1 225 5 is_stmt 1 view .LVU65
 225:stm32/Drivers/STM32F4xx_HAL_Driver/Src/stm32f4xx_hal_exti.c ****   }
 211              		.loc 1 225 15 is_stmt 0 view .LVU66
 212 00b8 054A     		ldr	r2, .L18
 213 00ba 5368     		ldr	r3, [r2, #4]
 214 00bc 23EA0003 		bic	r3, r3, r0
 215 00c0 5360     		str	r3, [r2, #4]
 228:stm32/Drivers/STM32F4xx_HAL_Driver/Src/stm32f4xx_hal_exti.c **** }
 216              		.loc 1 228 10 view .LVU67
 217 00c2 0020     		movs	r0, #0
 218              	.LVL13:
 228:stm32/Drivers/STM32F4xx_HAL_Driver/Src/stm32f4xx_hal_exti.c **** }
 219              		.loc 1 228 10 view .LVU68
 220 00c4 D1E7     		b	.L2
 221              	.LVL14:
 222              	.L11:
 223              	.LCFI3:
 224              		.cfi_def_cfa_offset 0
 225              		.cfi_restore 4
 226              		.cfi_restore 5
 227              		.cfi_restore 6
 151:stm32/Drivers/STM32F4xx_HAL_Driver/Src/stm32f4xx_hal_exti.c ****   }
 228              		.loc 1 151 12 view .LVU69
 229 00c6 0120     		movs	r0, #1
 230              	.LVL15:
 151:stm32/Drivers/STM32F4xx_HAL_Driver/Src/stm32f4xx_hal_exti.c ****   }
 231              		.loc 1 151 12 view .LVU70
 232 00c8 7047     		bx	lr
 233              	.LVL16:
 234              	.L12:
 151:stm32/Drivers/STM32F4xx_HAL_Driver/Src/stm32f4xx_hal_exti.c ****   }
 235              		.loc 1 151 12 view .LVU71
 236 00ca 0120     		movs	r0, #1
 237              	.LVL17:
 238              		.loc 1 229 1 view .LVU72
 239 00cc 7047     		bx	lr
 240              	.L19:
 241 00ce 00BF     		.align	2
 242              	.L18:
 243 00d0 003C0140 		.word	1073822720
 244 00d4 00380140 		.word	1073821696
 245              		.cfi_endproc
 246              	.LFE130:
 248              		.section	.text.HAL_EXTI_GetConfigLine,"ax",%progbits
 249              		.align	1
 250              		.global	HAL_EXTI_GetConfigLine
 251              		.syntax unified
 252              		.thumb
 253              		.thumb_func
 255              	HAL_EXTI_GetConfigLine:
 256              	.LVL18:
 257              	.LFB131:
 230:stm32/Drivers/STM32F4xx_HAL_Driver/Src/stm32f4xx_hal_exti.c **** 
ARM GAS  /var/folders/3_/bwhprqbs4159v4wd5z0pb2nr0000gn/T//ccUMgJxN.s 			page 10


 231:stm32/Drivers/STM32F4xx_HAL_Driver/Src/stm32f4xx_hal_exti.c **** /**
 232:stm32/Drivers/STM32F4xx_HAL_Driver/Src/stm32f4xx_hal_exti.c ****   * @brief  Get configuration of a dedicated Exti line.
 233:stm32/Drivers/STM32F4xx_HAL_Driver/Src/stm32f4xx_hal_exti.c ****   * @param  hexti Exti handle.
 234:stm32/Drivers/STM32F4xx_HAL_Driver/Src/stm32f4xx_hal_exti.c ****   * @param  pExtiConfig Pointer on structure to store Exti configuration.
 235:stm32/Drivers/STM32F4xx_HAL_Driver/Src/stm32f4xx_hal_exti.c ****   * @retval HAL Status.
 236:stm32/Drivers/STM32F4xx_HAL_Driver/Src/stm32f4xx_hal_exti.c ****   */
 237:stm32/Drivers/STM32F4xx_HAL_Driver/Src/stm32f4xx_hal_exti.c **** HAL_StatusTypeDef HAL_EXTI_GetConfigLine(EXTI_HandleTypeDef *hexti, EXTI_ConfigTypeDef *pExtiConfig
 238:stm32/Drivers/STM32F4xx_HAL_Driver/Src/stm32f4xx_hal_exti.c **** {
 258              		.loc 1 238 1 is_stmt 1 view -0
 259              		.cfi_startproc
 260              		@ args = 0, pretend = 0, frame = 0
 261              		@ frame_needed = 0, uses_anonymous_args = 0
 262              		@ link register save eliminated.
 239:stm32/Drivers/STM32F4xx_HAL_Driver/Src/stm32f4xx_hal_exti.c ****   uint32_t regval;
 263              		.loc 1 239 3 view .LVU74
 240:stm32/Drivers/STM32F4xx_HAL_Driver/Src/stm32f4xx_hal_exti.c ****   uint32_t linepos;
 264              		.loc 1 240 3 view .LVU75
 241:stm32/Drivers/STM32F4xx_HAL_Driver/Src/stm32f4xx_hal_exti.c ****   uint32_t maskline;
 265              		.loc 1 241 3 view .LVU76
 242:stm32/Drivers/STM32F4xx_HAL_Driver/Src/stm32f4xx_hal_exti.c **** 
 243:stm32/Drivers/STM32F4xx_HAL_Driver/Src/stm32f4xx_hal_exti.c ****   /* Check null pointer */
 244:stm32/Drivers/STM32F4xx_HAL_Driver/Src/stm32f4xx_hal_exti.c ****   if ((hexti == NULL) || (pExtiConfig == NULL))
 266              		.loc 1 244 3 view .LVU77
 267              		.loc 1 244 6 is_stmt 0 view .LVU78
 268 0000 0028     		cmp	r0, #0
 269 0002 46D0     		beq	.L27
 270              		.loc 1 244 23 discriminator 1 view .LVU79
 271 0004 0029     		cmp	r1, #0
 272 0006 46D0     		beq	.L28
 245:stm32/Drivers/STM32F4xx_HAL_Driver/Src/stm32f4xx_hal_exti.c ****   {
 246:stm32/Drivers/STM32F4xx_HAL_Driver/Src/stm32f4xx_hal_exti.c ****     return HAL_ERROR;
 247:stm32/Drivers/STM32F4xx_HAL_Driver/Src/stm32f4xx_hal_exti.c ****   }
 248:stm32/Drivers/STM32F4xx_HAL_Driver/Src/stm32f4xx_hal_exti.c **** 
 249:stm32/Drivers/STM32F4xx_HAL_Driver/Src/stm32f4xx_hal_exti.c ****   /* Check the parameter */
 250:stm32/Drivers/STM32F4xx_HAL_Driver/Src/stm32f4xx_hal_exti.c ****   assert_param(IS_EXTI_LINE(hexti->Line));
 273              		.loc 1 250 3 is_stmt 1 view .LVU80
 251:stm32/Drivers/STM32F4xx_HAL_Driver/Src/stm32f4xx_hal_exti.c **** 
 252:stm32/Drivers/STM32F4xx_HAL_Driver/Src/stm32f4xx_hal_exti.c ****   /* Store handle line number to configuration structure */
 253:stm32/Drivers/STM32F4xx_HAL_Driver/Src/stm32f4xx_hal_exti.c ****   pExtiConfig->Line = hexti->Line;
 274              		.loc 1 253 3 view .LVU81
 275              		.loc 1 253 28 is_stmt 0 view .LVU82
 276 0008 0068     		ldr	r0, [r0]
 277              	.LVL19:
 278              		.loc 1 253 21 view .LVU83
 279 000a 0860     		str	r0, [r1]
 254:stm32/Drivers/STM32F4xx_HAL_Driver/Src/stm32f4xx_hal_exti.c **** 
 255:stm32/Drivers/STM32F4xx_HAL_Driver/Src/stm32f4xx_hal_exti.c ****   /* Compute line mask */
 256:stm32/Drivers/STM32F4xx_HAL_Driver/Src/stm32f4xx_hal_exti.c ****   linepos = (pExtiConfig->Line & EXTI_PIN_MASK);
 280              		.loc 1 256 3 is_stmt 1 view .LVU84
 281              		.loc 1 256 11 is_stmt 0 view .LVU85
 282 000c 00F01F0C 		and	ip, r0, #31
 283              	.LVL20:
 257:stm32/Drivers/STM32F4xx_HAL_Driver/Src/stm32f4xx_hal_exti.c ****   maskline = (1uL << linepos);
 284              		.loc 1 257 3 is_stmt 1 view .LVU86
 285              		.loc 1 257 12 is_stmt 0 view .LVU87
 286 0010 0123     		movs	r3, #1
 287 0012 03FA0CF3 		lsl	r3, r3, ip
ARM GAS  /var/folders/3_/bwhprqbs4159v4wd5z0pb2nr0000gn/T//ccUMgJxN.s 			page 11


 288              	.LVL21:
 258:stm32/Drivers/STM32F4xx_HAL_Driver/Src/stm32f4xx_hal_exti.c **** 
 259:stm32/Drivers/STM32F4xx_HAL_Driver/Src/stm32f4xx_hal_exti.c ****   /* 1] Get core mode : interrupt */
 260:stm32/Drivers/STM32F4xx_HAL_Driver/Src/stm32f4xx_hal_exti.c **** 
 261:stm32/Drivers/STM32F4xx_HAL_Driver/Src/stm32f4xx_hal_exti.c ****   /* Check if selected line is enable */
 262:stm32/Drivers/STM32F4xx_HAL_Driver/Src/stm32f4xx_hal_exti.c ****   if ((EXTI->IMR & maskline) != 0x00u)
 289              		.loc 1 262 3 is_stmt 1 view .LVU88
 290              		.loc 1 262 12 is_stmt 0 view .LVU89
 291 0016 224A     		ldr	r2, .L32
 292 0018 1268     		ldr	r2, [r2]
 293              		.loc 1 262 6 view .LVU90
 294 001a 1A42     		tst	r2, r3
 295 001c 24D0     		beq	.L22
 263:stm32/Drivers/STM32F4xx_HAL_Driver/Src/stm32f4xx_hal_exti.c ****   {
 264:stm32/Drivers/STM32F4xx_HAL_Driver/Src/stm32f4xx_hal_exti.c ****     pExtiConfig->Mode = EXTI_MODE_INTERRUPT;
 296              		.loc 1 264 5 is_stmt 1 view .LVU91
 297              		.loc 1 264 23 is_stmt 0 view .LVU92
 298 001e 0122     		movs	r2, #1
 299 0020 4A60     		str	r2, [r1, #4]
 300              	.L23:
 265:stm32/Drivers/STM32F4xx_HAL_Driver/Src/stm32f4xx_hal_exti.c ****   }
 266:stm32/Drivers/STM32F4xx_HAL_Driver/Src/stm32f4xx_hal_exti.c ****   else
 267:stm32/Drivers/STM32F4xx_HAL_Driver/Src/stm32f4xx_hal_exti.c ****   {
 268:stm32/Drivers/STM32F4xx_HAL_Driver/Src/stm32f4xx_hal_exti.c ****     pExtiConfig->Mode = EXTI_MODE_NONE;
 269:stm32/Drivers/STM32F4xx_HAL_Driver/Src/stm32f4xx_hal_exti.c ****   }
 270:stm32/Drivers/STM32F4xx_HAL_Driver/Src/stm32f4xx_hal_exti.c **** 
 271:stm32/Drivers/STM32F4xx_HAL_Driver/Src/stm32f4xx_hal_exti.c ****   /* Get event mode */
 272:stm32/Drivers/STM32F4xx_HAL_Driver/Src/stm32f4xx_hal_exti.c ****   /* Check if selected line is enable */
 273:stm32/Drivers/STM32F4xx_HAL_Driver/Src/stm32f4xx_hal_exti.c ****   if ((EXTI->EMR & maskline) != 0x00u)
 301              		.loc 1 273 3 is_stmt 1 view .LVU93
 302              		.loc 1 273 12 is_stmt 0 view .LVU94
 303 0022 1F4A     		ldr	r2, .L32
 304 0024 5268     		ldr	r2, [r2, #4]
 305              		.loc 1 273 6 view .LVU95
 306 0026 1A42     		tst	r2, r3
 307 0028 03D0     		beq	.L24
 274:stm32/Drivers/STM32F4xx_HAL_Driver/Src/stm32f4xx_hal_exti.c ****   {
 275:stm32/Drivers/STM32F4xx_HAL_Driver/Src/stm32f4xx_hal_exti.c ****     pExtiConfig->Mode |= EXTI_MODE_EVENT;
 308              		.loc 1 275 5 is_stmt 1 view .LVU96
 309              		.loc 1 275 23 is_stmt 0 view .LVU97
 310 002a 4A68     		ldr	r2, [r1, #4]
 311 002c 42F00202 		orr	r2, r2, #2
 312 0030 4A60     		str	r2, [r1, #4]
 313              	.L24:
 276:stm32/Drivers/STM32F4xx_HAL_Driver/Src/stm32f4xx_hal_exti.c ****   }
 277:stm32/Drivers/STM32F4xx_HAL_Driver/Src/stm32f4xx_hal_exti.c **** 
 278:stm32/Drivers/STM32F4xx_HAL_Driver/Src/stm32f4xx_hal_exti.c ****   /* Get default Trigger and GPIOSel configuration */
 279:stm32/Drivers/STM32F4xx_HAL_Driver/Src/stm32f4xx_hal_exti.c ****   pExtiConfig->Trigger = EXTI_TRIGGER_NONE;
 314              		.loc 1 279 3 is_stmt 1 view .LVU98
 315              		.loc 1 279 24 is_stmt 0 view .LVU99
 316 0032 0022     		movs	r2, #0
 317 0034 8A60     		str	r2, [r1, #8]
 280:stm32/Drivers/STM32F4xx_HAL_Driver/Src/stm32f4xx_hal_exti.c ****   pExtiConfig->GPIOSel = 0x00u;
 318              		.loc 1 280 3 is_stmt 1 view .LVU100
 319              		.loc 1 280 24 is_stmt 0 view .LVU101
 320 0036 CA60     		str	r2, [r1, #12]
 281:stm32/Drivers/STM32F4xx_HAL_Driver/Src/stm32f4xx_hal_exti.c **** 
ARM GAS  /var/folders/3_/bwhprqbs4159v4wd5z0pb2nr0000gn/T//ccUMgJxN.s 			page 12


 282:stm32/Drivers/STM32F4xx_HAL_Driver/Src/stm32f4xx_hal_exti.c ****   /* 2] Get trigger for configurable lines : rising */
 283:stm32/Drivers/STM32F4xx_HAL_Driver/Src/stm32f4xx_hal_exti.c ****   if ((pExtiConfig->Line & EXTI_CONFIG) != 0x00u)
 321              		.loc 1 283 3 is_stmt 1 view .LVU102
 322              		.loc 1 283 6 is_stmt 0 view .LVU103
 323 0038 10F0007F 		tst	r0, #33554432
 324 003c 2DD0     		beq	.L29
 284:stm32/Drivers/STM32F4xx_HAL_Driver/Src/stm32f4xx_hal_exti.c ****   {
 285:stm32/Drivers/STM32F4xx_HAL_Driver/Src/stm32f4xx_hal_exti.c ****     /* Check if configuration of selected line is enable */
 286:stm32/Drivers/STM32F4xx_HAL_Driver/Src/stm32f4xx_hal_exti.c ****     if ((EXTI->RTSR & maskline) != 0x00u)
 325              		.loc 1 286 5 is_stmt 1 view .LVU104
 326              		.loc 1 286 14 is_stmt 0 view .LVU105
 327 003e 184A     		ldr	r2, .L32
 328 0040 9268     		ldr	r2, [r2, #8]
 329              		.loc 1 286 8 view .LVU106
 330 0042 1A42     		tst	r2, r3
 331 0044 01D0     		beq	.L25
 287:stm32/Drivers/STM32F4xx_HAL_Driver/Src/stm32f4xx_hal_exti.c ****     {
 288:stm32/Drivers/STM32F4xx_HAL_Driver/Src/stm32f4xx_hal_exti.c ****       pExtiConfig->Trigger = EXTI_TRIGGER_RISING;
 332              		.loc 1 288 7 is_stmt 1 view .LVU107
 333              		.loc 1 288 28 is_stmt 0 view .LVU108
 334 0046 0122     		movs	r2, #1
 335 0048 8A60     		str	r2, [r1, #8]
 336              	.L25:
 289:stm32/Drivers/STM32F4xx_HAL_Driver/Src/stm32f4xx_hal_exti.c ****     }
 290:stm32/Drivers/STM32F4xx_HAL_Driver/Src/stm32f4xx_hal_exti.c **** 
 291:stm32/Drivers/STM32F4xx_HAL_Driver/Src/stm32f4xx_hal_exti.c ****     /* Get falling configuration */
 292:stm32/Drivers/STM32F4xx_HAL_Driver/Src/stm32f4xx_hal_exti.c ****     /* Check if configuration of selected line is enable */
 293:stm32/Drivers/STM32F4xx_HAL_Driver/Src/stm32f4xx_hal_exti.c ****     if ((EXTI->FTSR & maskline) != 0x00u)
 337              		.loc 1 293 5 is_stmt 1 view .LVU109
 338              		.loc 1 293 14 is_stmt 0 view .LVU110
 339 004a 154A     		ldr	r2, .L32
 340 004c D268     		ldr	r2, [r2, #12]
 341              		.loc 1 293 8 view .LVU111
 342 004e 1A42     		tst	r2, r3
 343 0050 03D0     		beq	.L26
 294:stm32/Drivers/STM32F4xx_HAL_Driver/Src/stm32f4xx_hal_exti.c ****     {
 295:stm32/Drivers/STM32F4xx_HAL_Driver/Src/stm32f4xx_hal_exti.c ****       pExtiConfig->Trigger |= EXTI_TRIGGER_FALLING;
 344              		.loc 1 295 7 is_stmt 1 view .LVU112
 345              		.loc 1 295 28 is_stmt 0 view .LVU113
 346 0052 8B68     		ldr	r3, [r1, #8]
 347              	.LVL22:
 348              		.loc 1 295 28 view .LVU114
 349 0054 43F00203 		orr	r3, r3, #2
 350 0058 8B60     		str	r3, [r1, #8]
 351              	.L26:
 296:stm32/Drivers/STM32F4xx_HAL_Driver/Src/stm32f4xx_hal_exti.c ****     }
 297:stm32/Drivers/STM32F4xx_HAL_Driver/Src/stm32f4xx_hal_exti.c **** 
 298:stm32/Drivers/STM32F4xx_HAL_Driver/Src/stm32f4xx_hal_exti.c ****     /* Get Gpio port selection for gpio lines */
 299:stm32/Drivers/STM32F4xx_HAL_Driver/Src/stm32f4xx_hal_exti.c ****     if ((pExtiConfig->Line & EXTI_GPIO) == EXTI_GPIO)
 352              		.loc 1 299 5 is_stmt 1 view .LVU115
 353              		.loc 1 299 28 is_stmt 0 view .LVU116
 354 005a 00F0C063 		and	r3, r0, #100663296
 355              		.loc 1 299 8 view .LVU117
 356 005e B3F1C06F 		cmp	r3, #100663296
 357 0062 04D0     		beq	.L31
 300:stm32/Drivers/STM32F4xx_HAL_Driver/Src/stm32f4xx_hal_exti.c ****     {
 301:stm32/Drivers/STM32F4xx_HAL_Driver/Src/stm32f4xx_hal_exti.c ****       assert_param(IS_EXTI_GPIO_PIN(linepos));
ARM GAS  /var/folders/3_/bwhprqbs4159v4wd5z0pb2nr0000gn/T//ccUMgJxN.s 			page 13


 302:stm32/Drivers/STM32F4xx_HAL_Driver/Src/stm32f4xx_hal_exti.c **** 
 303:stm32/Drivers/STM32F4xx_HAL_Driver/Src/stm32f4xx_hal_exti.c ****       regval = (SYSCFG->EXTICR[linepos >> 2u] << 16u );
 304:stm32/Drivers/STM32F4xx_HAL_Driver/Src/stm32f4xx_hal_exti.c ****       pExtiConfig->GPIOSel = ((regval << (SYSCFG_EXTICR1_EXTI1_Pos * (3uL - (linepos & 0x03u)))) >>
 305:stm32/Drivers/STM32F4xx_HAL_Driver/Src/stm32f4xx_hal_exti.c ****     }
 306:stm32/Drivers/STM32F4xx_HAL_Driver/Src/stm32f4xx_hal_exti.c ****   }
 307:stm32/Drivers/STM32F4xx_HAL_Driver/Src/stm32f4xx_hal_exti.c **** 
 308:stm32/Drivers/STM32F4xx_HAL_Driver/Src/stm32f4xx_hal_exti.c ****   return HAL_OK;
 358              		.loc 1 308 10 view .LVU118
 359 0064 0020     		movs	r0, #0
 309:stm32/Drivers/STM32F4xx_HAL_Driver/Src/stm32f4xx_hal_exti.c **** }
 360              		.loc 1 309 1 view .LVU119
 361 0066 7047     		bx	lr
 362              	.LVL23:
 363              	.L22:
 268:stm32/Drivers/STM32F4xx_HAL_Driver/Src/stm32f4xx_hal_exti.c ****   }
 364              		.loc 1 268 5 is_stmt 1 view .LVU120
 268:stm32/Drivers/STM32F4xx_HAL_Driver/Src/stm32f4xx_hal_exti.c ****   }
 365              		.loc 1 268 23 is_stmt 0 view .LVU121
 366 0068 0022     		movs	r2, #0
 367 006a 4A60     		str	r2, [r1, #4]
 368 006c D9E7     		b	.L23
 369              	.LVL24:
 370              	.L31:
 301:stm32/Drivers/STM32F4xx_HAL_Driver/Src/stm32f4xx_hal_exti.c **** 
 371              		.loc 1 301 7 is_stmt 1 view .LVU122
 303:stm32/Drivers/STM32F4xx_HAL_Driver/Src/stm32f4xx_hal_exti.c ****       pExtiConfig->GPIOSel = ((regval << (SYSCFG_EXTICR1_EXTI1_Pos * (3uL - (linepos & 0x03u)))) >>
 372              		.loc 1 303 7 view .LVU123
 303:stm32/Drivers/STM32F4xx_HAL_Driver/Src/stm32f4xx_hal_exti.c ****       pExtiConfig->GPIOSel = ((regval << (SYSCFG_EXTICR1_EXTI1_Pos * (3uL - (linepos & 0x03u)))) >>
 373              		.loc 1 303 40 is_stmt 0 view .LVU124
 374 006e 4FEA9C03 		lsr	r3, ip, #2
 303:stm32/Drivers/STM32F4xx_HAL_Driver/Src/stm32f4xx_hal_exti.c ****       pExtiConfig->GPIOSel = ((regval << (SYSCFG_EXTICR1_EXTI1_Pos * (3uL - (linepos & 0x03u)))) >>
 375              		.loc 1 303 31 view .LVU125
 376 0072 0233     		adds	r3, r3, #2
 377 0074 0B4A     		ldr	r2, .L32+4
 378 0076 52F82320 		ldr	r2, [r2, r3, lsl #2]
 303:stm32/Drivers/STM32F4xx_HAL_Driver/Src/stm32f4xx_hal_exti.c ****       pExtiConfig->GPIOSel = ((regval << (SYSCFG_EXTICR1_EXTI1_Pos * (3uL - (linepos & 0x03u)))) >>
 379              		.loc 1 303 14 view .LVU126
 380 007a 1204     		lsls	r2, r2, #16
 381              	.LVL25:
 304:stm32/Drivers/STM32F4xx_HAL_Driver/Src/stm32f4xx_hal_exti.c ****     }
 382              		.loc 1 304 7 is_stmt 1 view .LVU127
 304:stm32/Drivers/STM32F4xx_HAL_Driver/Src/stm32f4xx_hal_exti.c ****     }
 383              		.loc 1 304 75 is_stmt 0 view .LVU128
 384 007c 6FEA0C03 		mvn	r3, ip
 385 0080 03F00303 		and	r3, r3, #3
 304:stm32/Drivers/STM32F4xx_HAL_Driver/Src/stm32f4xx_hal_exti.c ****     }
 386              		.loc 1 304 68 view .LVU129
 387 0084 9B00     		lsls	r3, r3, #2
 304:stm32/Drivers/STM32F4xx_HAL_Driver/Src/stm32f4xx_hal_exti.c ****     }
 388              		.loc 1 304 39 view .LVU130
 389 0086 02FA03F3 		lsl	r3, r2, r3
 304:stm32/Drivers/STM32F4xx_HAL_Driver/Src/stm32f4xx_hal_exti.c ****     }
 390              		.loc 1 304 98 view .LVU131
 391 008a 1B0F     		lsrs	r3, r3, #28
 304:stm32/Drivers/STM32F4xx_HAL_Driver/Src/stm32f4xx_hal_exti.c ****     }
 392              		.loc 1 304 28 view .LVU132
 393 008c CB60     		str	r3, [r1, #12]
ARM GAS  /var/folders/3_/bwhprqbs4159v4wd5z0pb2nr0000gn/T//ccUMgJxN.s 			page 14


 308:stm32/Drivers/STM32F4xx_HAL_Driver/Src/stm32f4xx_hal_exti.c **** }
 394              		.loc 1 308 10 view .LVU133
 395 008e 0020     		movs	r0, #0
 396 0090 7047     		bx	lr
 397              	.LVL26:
 398              	.L27:
 246:stm32/Drivers/STM32F4xx_HAL_Driver/Src/stm32f4xx_hal_exti.c ****   }
 399              		.loc 1 246 12 view .LVU134
 400 0092 0120     		movs	r0, #1
 401              	.LVL27:
 246:stm32/Drivers/STM32F4xx_HAL_Driver/Src/stm32f4xx_hal_exti.c ****   }
 402              		.loc 1 246 12 view .LVU135
 403 0094 7047     		bx	lr
 404              	.LVL28:
 405              	.L28:
 246:stm32/Drivers/STM32F4xx_HAL_Driver/Src/stm32f4xx_hal_exti.c ****   }
 406              		.loc 1 246 12 view .LVU136
 407 0096 0120     		movs	r0, #1
 408              	.LVL29:
 246:stm32/Drivers/STM32F4xx_HAL_Driver/Src/stm32f4xx_hal_exti.c ****   }
 409              		.loc 1 246 12 view .LVU137
 410 0098 7047     		bx	lr
 411              	.LVL30:
 412              	.L29:
 308:stm32/Drivers/STM32F4xx_HAL_Driver/Src/stm32f4xx_hal_exti.c **** }
 413              		.loc 1 308 10 view .LVU138
 414 009a 0020     		movs	r0, #0
 415 009c 7047     		bx	lr
 416              	.L33:
 417 009e 00BF     		.align	2
 418              	.L32:
 419 00a0 003C0140 		.word	1073822720
 420 00a4 00380140 		.word	1073821696
 421              		.cfi_endproc
 422              	.LFE131:
 424              		.section	.text.HAL_EXTI_ClearConfigLine,"ax",%progbits
 425              		.align	1
 426              		.global	HAL_EXTI_ClearConfigLine
 427              		.syntax unified
 428              		.thumb
 429              		.thumb_func
 431              	HAL_EXTI_ClearConfigLine:
 432              	.LVL31:
 433              	.LFB132:
 310:stm32/Drivers/STM32F4xx_HAL_Driver/Src/stm32f4xx_hal_exti.c **** 
 311:stm32/Drivers/STM32F4xx_HAL_Driver/Src/stm32f4xx_hal_exti.c **** /**
 312:stm32/Drivers/STM32F4xx_HAL_Driver/Src/stm32f4xx_hal_exti.c ****   * @brief  Clear whole configuration of a dedicated Exti line.
 313:stm32/Drivers/STM32F4xx_HAL_Driver/Src/stm32f4xx_hal_exti.c ****   * @param  hexti Exti handle.
 314:stm32/Drivers/STM32F4xx_HAL_Driver/Src/stm32f4xx_hal_exti.c ****   * @retval HAL Status.
 315:stm32/Drivers/STM32F4xx_HAL_Driver/Src/stm32f4xx_hal_exti.c ****   */
 316:stm32/Drivers/STM32F4xx_HAL_Driver/Src/stm32f4xx_hal_exti.c **** HAL_StatusTypeDef HAL_EXTI_ClearConfigLine(EXTI_HandleTypeDef *hexti)
 317:stm32/Drivers/STM32F4xx_HAL_Driver/Src/stm32f4xx_hal_exti.c **** {
 434              		.loc 1 317 1 is_stmt 1 view -0
 435              		.cfi_startproc
 436              		@ args = 0, pretend = 0, frame = 0
 437              		@ frame_needed = 0, uses_anonymous_args = 0
 318:stm32/Drivers/STM32F4xx_HAL_Driver/Src/stm32f4xx_hal_exti.c ****   uint32_t regval;
ARM GAS  /var/folders/3_/bwhprqbs4159v4wd5z0pb2nr0000gn/T//ccUMgJxN.s 			page 15


 438              		.loc 1 318 3 view .LVU140
 319:stm32/Drivers/STM32F4xx_HAL_Driver/Src/stm32f4xx_hal_exti.c ****   uint32_t linepos;
 439              		.loc 1 319 3 view .LVU141
 320:stm32/Drivers/STM32F4xx_HAL_Driver/Src/stm32f4xx_hal_exti.c ****   uint32_t maskline;
 440              		.loc 1 320 3 view .LVU142
 321:stm32/Drivers/STM32F4xx_HAL_Driver/Src/stm32f4xx_hal_exti.c **** 
 322:stm32/Drivers/STM32F4xx_HAL_Driver/Src/stm32f4xx_hal_exti.c ****   /* Check null pointer */
 323:stm32/Drivers/STM32F4xx_HAL_Driver/Src/stm32f4xx_hal_exti.c ****   if (hexti == NULL)
 441              		.loc 1 323 3 view .LVU143
 442              		.loc 1 323 6 is_stmt 0 view .LVU144
 443 0000 0028     		cmp	r0, #0
 444 0002 37D0     		beq	.L36
 317:stm32/Drivers/STM32F4xx_HAL_Driver/Src/stm32f4xx_hal_exti.c ****   uint32_t regval;
 445              		.loc 1 317 1 view .LVU145
 446 0004 10B5     		push	{r4, lr}
 447              	.LCFI4:
 448              		.cfi_def_cfa_offset 8
 449              		.cfi_offset 4, -8
 450              		.cfi_offset 14, -4
 451 0006 8446     		mov	ip, r0
 324:stm32/Drivers/STM32F4xx_HAL_Driver/Src/stm32f4xx_hal_exti.c ****   {
 325:stm32/Drivers/STM32F4xx_HAL_Driver/Src/stm32f4xx_hal_exti.c ****     return HAL_ERROR;
 326:stm32/Drivers/STM32F4xx_HAL_Driver/Src/stm32f4xx_hal_exti.c ****   }
 327:stm32/Drivers/STM32F4xx_HAL_Driver/Src/stm32f4xx_hal_exti.c **** 
 328:stm32/Drivers/STM32F4xx_HAL_Driver/Src/stm32f4xx_hal_exti.c ****   /* Check the parameter */
 329:stm32/Drivers/STM32F4xx_HAL_Driver/Src/stm32f4xx_hal_exti.c ****   assert_param(IS_EXTI_LINE(hexti->Line));
 452              		.loc 1 329 3 is_stmt 1 view .LVU146
 330:stm32/Drivers/STM32F4xx_HAL_Driver/Src/stm32f4xx_hal_exti.c **** 
 331:stm32/Drivers/STM32F4xx_HAL_Driver/Src/stm32f4xx_hal_exti.c ****   /* compute line mask */
 332:stm32/Drivers/STM32F4xx_HAL_Driver/Src/stm32f4xx_hal_exti.c ****   linepos = (hexti->Line & EXTI_PIN_MASK);
 453              		.loc 1 332 3 view .LVU147
 454              		.loc 1 332 19 is_stmt 0 view .LVU148
 455 0008 0468     		ldr	r4, [r0]
 456              		.loc 1 332 11 view .LVU149
 457 000a 04F01F00 		and	r0, r4, #31
 458              	.LVL32:
 333:stm32/Drivers/STM32F4xx_HAL_Driver/Src/stm32f4xx_hal_exti.c ****   maskline = (1uL << linepos);
 459              		.loc 1 333 3 is_stmt 1 view .LVU150
 460              		.loc 1 333 12 is_stmt 0 view .LVU151
 461 000e 0123     		movs	r3, #1
 462 0010 8340     		lsls	r3, r3, r0
 463              	.LVL33:
 334:stm32/Drivers/STM32F4xx_HAL_Driver/Src/stm32f4xx_hal_exti.c **** 
 335:stm32/Drivers/STM32F4xx_HAL_Driver/Src/stm32f4xx_hal_exti.c ****   /* 1] Clear interrupt mode */
 336:stm32/Drivers/STM32F4xx_HAL_Driver/Src/stm32f4xx_hal_exti.c ****   EXTI->IMR = (EXTI->IMR & ~maskline);
 464              		.loc 1 336 3 is_stmt 1 view .LVU152
 465              		.loc 1 336 20 is_stmt 0 view .LVU153
 466 0012 1A4A     		ldr	r2, .L44
 467 0014 1168     		ldr	r1, [r2]
 468              		.loc 1 336 28 view .LVU154
 469 0016 6FEA030E 		mvn	lr, r3
 470              		.loc 1 336 26 view .LVU155
 471 001a 21EA0301 		bic	r1, r1, r3
 472              		.loc 1 336 13 view .LVU156
 473 001e 1160     		str	r1, [r2]
 337:stm32/Drivers/STM32F4xx_HAL_Driver/Src/stm32f4xx_hal_exti.c **** 
 338:stm32/Drivers/STM32F4xx_HAL_Driver/Src/stm32f4xx_hal_exti.c ****   /* 2] Clear event mode */
ARM GAS  /var/folders/3_/bwhprqbs4159v4wd5z0pb2nr0000gn/T//ccUMgJxN.s 			page 16


 339:stm32/Drivers/STM32F4xx_HAL_Driver/Src/stm32f4xx_hal_exti.c ****   EXTI->EMR = (EXTI->EMR & ~maskline);
 474              		.loc 1 339 3 is_stmt 1 view .LVU157
 475              		.loc 1 339 20 is_stmt 0 view .LVU158
 476 0020 5168     		ldr	r1, [r2, #4]
 477              		.loc 1 339 26 view .LVU159
 478 0022 21EA0303 		bic	r3, r1, r3
 479              	.LVL34:
 480              		.loc 1 339 13 view .LVU160
 481 0026 5360     		str	r3, [r2, #4]
 340:stm32/Drivers/STM32F4xx_HAL_Driver/Src/stm32f4xx_hal_exti.c **** 
 341:stm32/Drivers/STM32F4xx_HAL_Driver/Src/stm32f4xx_hal_exti.c ****   /* 3] Clear triggers in case of configurable lines */
 342:stm32/Drivers/STM32F4xx_HAL_Driver/Src/stm32f4xx_hal_exti.c ****   if ((hexti->Line & EXTI_CONFIG) != 0x00u)
 482              		.loc 1 342 3 is_stmt 1 view .LVU161
 483              		.loc 1 342 13 is_stmt 0 view .LVU162
 484 0028 DCF80030 		ldr	r3, [ip]
 485              		.loc 1 342 6 view .LVU163
 486 002c 13F0007F 		tst	r3, #33554432
 487 0030 22D0     		beq	.L37
 343:stm32/Drivers/STM32F4xx_HAL_Driver/Src/stm32f4xx_hal_exti.c ****   {
 344:stm32/Drivers/STM32F4xx_HAL_Driver/Src/stm32f4xx_hal_exti.c ****     EXTI->RTSR = (EXTI->RTSR & ~maskline);
 488              		.loc 1 344 5 is_stmt 1 view .LVU164
 489              		.loc 1 344 23 is_stmt 0 view .LVU165
 490 0032 9368     		ldr	r3, [r2, #8]
 491              		.loc 1 344 30 view .LVU166
 492 0034 0EEA0303 		and	r3, lr, r3
 493              		.loc 1 344 16 view .LVU167
 494 0038 9360     		str	r3, [r2, #8]
 345:stm32/Drivers/STM32F4xx_HAL_Driver/Src/stm32f4xx_hal_exti.c ****     EXTI->FTSR = (EXTI->FTSR & ~maskline);
 495              		.loc 1 345 5 is_stmt 1 view .LVU168
 496              		.loc 1 345 23 is_stmt 0 view .LVU169
 497 003a D368     		ldr	r3, [r2, #12]
 498              		.loc 1 345 30 view .LVU170
 499 003c 0EEA0303 		and	r3, lr, r3
 500              		.loc 1 345 16 view .LVU171
 501 0040 D360     		str	r3, [r2, #12]
 346:stm32/Drivers/STM32F4xx_HAL_Driver/Src/stm32f4xx_hal_exti.c **** 
 347:stm32/Drivers/STM32F4xx_HAL_Driver/Src/stm32f4xx_hal_exti.c ****     /* Get Gpio port selection for gpio lines */
 348:stm32/Drivers/STM32F4xx_HAL_Driver/Src/stm32f4xx_hal_exti.c ****     if ((hexti->Line & EXTI_GPIO) == EXTI_GPIO)
 502              		.loc 1 348 5 is_stmt 1 view .LVU172
 503              		.loc 1 348 15 is_stmt 0 view .LVU173
 504 0042 DCF80030 		ldr	r3, [ip]
 505              		.loc 1 348 22 view .LVU174
 506 0046 03F0C063 		and	r3, r3, #100663296
 507              		.loc 1 348 8 view .LVU175
 508 004a B3F1C06F 		cmp	r3, #100663296
 509 004e 01D0     		beq	.L43
 349:stm32/Drivers/STM32F4xx_HAL_Driver/Src/stm32f4xx_hal_exti.c ****     {
 350:stm32/Drivers/STM32F4xx_HAL_Driver/Src/stm32f4xx_hal_exti.c ****       assert_param(IS_EXTI_GPIO_PIN(linepos));
 351:stm32/Drivers/STM32F4xx_HAL_Driver/Src/stm32f4xx_hal_exti.c **** 
 352:stm32/Drivers/STM32F4xx_HAL_Driver/Src/stm32f4xx_hal_exti.c ****       regval = SYSCFG->EXTICR[linepos >> 2u];
 353:stm32/Drivers/STM32F4xx_HAL_Driver/Src/stm32f4xx_hal_exti.c ****       regval &= ~(SYSCFG_EXTICR1_EXTI0 << (SYSCFG_EXTICR1_EXTI1_Pos * (linepos & 0x03u)));
 354:stm32/Drivers/STM32F4xx_HAL_Driver/Src/stm32f4xx_hal_exti.c ****       SYSCFG->EXTICR[linepos >> 2u] = regval;
 355:stm32/Drivers/STM32F4xx_HAL_Driver/Src/stm32f4xx_hal_exti.c ****     }
 356:stm32/Drivers/STM32F4xx_HAL_Driver/Src/stm32f4xx_hal_exti.c ****   }
 357:stm32/Drivers/STM32F4xx_HAL_Driver/Src/stm32f4xx_hal_exti.c **** 
 358:stm32/Drivers/STM32F4xx_HAL_Driver/Src/stm32f4xx_hal_exti.c ****   return HAL_OK;
 510              		.loc 1 358 10 view .LVU176
ARM GAS  /var/folders/3_/bwhprqbs4159v4wd5z0pb2nr0000gn/T//ccUMgJxN.s 			page 17


 511 0050 0020     		movs	r0, #0
 512              	.LVL35:
 513              		.loc 1 358 10 view .LVU177
 514 0052 12E0     		b	.L35
 515              	.LVL36:
 516              	.L43:
 350:stm32/Drivers/STM32F4xx_HAL_Driver/Src/stm32f4xx_hal_exti.c **** 
 517              		.loc 1 350 7 is_stmt 1 view .LVU178
 352:stm32/Drivers/STM32F4xx_HAL_Driver/Src/stm32f4xx_hal_exti.c ****       regval &= ~(SYSCFG_EXTICR1_EXTI0 << (SYSCFG_EXTICR1_EXTI1_Pos * (linepos & 0x03u)));
 518              		.loc 1 352 7 view .LVU179
 352:stm32/Drivers/STM32F4xx_HAL_Driver/Src/stm32f4xx_hal_exti.c ****       regval &= ~(SYSCFG_EXTICR1_EXTI0 << (SYSCFG_EXTICR1_EXTI1_Pos * (linepos & 0x03u)));
 519              		.loc 1 352 39 is_stmt 0 view .LVU180
 520 0054 8008     		lsrs	r0, r0, #2
 521              	.LVL37:
 352:stm32/Drivers/STM32F4xx_HAL_Driver/Src/stm32f4xx_hal_exti.c ****       regval &= ~(SYSCFG_EXTICR1_EXTI0 << (SYSCFG_EXTICR1_EXTI1_Pos * (linepos & 0x03u)));
 522              		.loc 1 352 14 view .LVU181
 523 0056 0A49     		ldr	r1, .L44+4
 524 0058 0230     		adds	r0, r0, #2
 525 005a 51F82030 		ldr	r3, [r1, r0, lsl #2]
 526              	.LVL38:
 353:stm32/Drivers/STM32F4xx_HAL_Driver/Src/stm32f4xx_hal_exti.c ****       SYSCFG->EXTICR[linepos >> 2u] = regval;
 527              		.loc 1 353 7 is_stmt 1 view .LVU182
 353:stm32/Drivers/STM32F4xx_HAL_Driver/Src/stm32f4xx_hal_exti.c ****       SYSCFG->EXTICR[linepos >> 2u] = regval;
 528              		.loc 1 353 80 is_stmt 0 view .LVU183
 529 005e 04F00304 		and	r4, r4, #3
 530              	.LVL39:
 353:stm32/Drivers/STM32F4xx_HAL_Driver/Src/stm32f4xx_hal_exti.c ****       SYSCFG->EXTICR[linepos >> 2u] = regval;
 531              		.loc 1 353 69 view .LVU184
 532 0062 A400     		lsls	r4, r4, #2
 353:stm32/Drivers/STM32F4xx_HAL_Driver/Src/stm32f4xx_hal_exti.c ****       SYSCFG->EXTICR[linepos >> 2u] = regval;
 533              		.loc 1 353 40 view .LVU185
 534 0064 0F22     		movs	r2, #15
 535 0066 A240     		lsls	r2, r2, r4
 353:stm32/Drivers/STM32F4xx_HAL_Driver/Src/stm32f4xx_hal_exti.c ****       SYSCFG->EXTICR[linepos >> 2u] = regval;
 536              		.loc 1 353 14 view .LVU186
 537 0068 23EA0203 		bic	r3, r3, r2
 538              	.LVL40:
 354:stm32/Drivers/STM32F4xx_HAL_Driver/Src/stm32f4xx_hal_exti.c ****     }
 539              		.loc 1 354 7 is_stmt 1 view .LVU187
 354:stm32/Drivers/STM32F4xx_HAL_Driver/Src/stm32f4xx_hal_exti.c ****     }
 540              		.loc 1 354 37 is_stmt 0 view .LVU188
 541 006c 41F82030 		str	r3, [r1, r0, lsl #2]
 542              		.loc 1 358 10 view .LVU189
 543 0070 0020     		movs	r0, #0
 544 0072 02E0     		b	.L35
 545              	.LVL41:
 546              	.L36:
 547              	.LCFI5:
 548              		.cfi_def_cfa_offset 0
 549              		.cfi_restore 4
 550              		.cfi_restore 14
 325:stm32/Drivers/STM32F4xx_HAL_Driver/Src/stm32f4xx_hal_exti.c ****   }
 551              		.loc 1 325 12 view .LVU190
 552 0074 0120     		movs	r0, #1
 553              	.LVL42:
 359:stm32/Drivers/STM32F4xx_HAL_Driver/Src/stm32f4xx_hal_exti.c **** }
 554              		.loc 1 359 1 view .LVU191
ARM GAS  /var/folders/3_/bwhprqbs4159v4wd5z0pb2nr0000gn/T//ccUMgJxN.s 			page 18


 555 0076 7047     		bx	lr
 556              	.LVL43:
 557              	.L37:
 558              	.LCFI6:
 559              		.cfi_def_cfa_offset 8
 560              		.cfi_offset 4, -8
 561              		.cfi_offset 14, -4
 358:stm32/Drivers/STM32F4xx_HAL_Driver/Src/stm32f4xx_hal_exti.c **** }
 562              		.loc 1 358 10 view .LVU192
 563 0078 0020     		movs	r0, #0
 564              	.LVL44:
 565              	.L35:
 566              		.loc 1 359 1 view .LVU193
 567 007a 10BD     		pop	{r4, pc}
 568              	.L45:
 569              		.align	2
 570              	.L44:
 571 007c 003C0140 		.word	1073822720
 572 0080 00380140 		.word	1073821696
 573              		.cfi_endproc
 574              	.LFE132:
 576              		.section	.text.HAL_EXTI_RegisterCallback,"ax",%progbits
 577              		.align	1
 578              		.global	HAL_EXTI_RegisterCallback
 579              		.syntax unified
 580              		.thumb
 581              		.thumb_func
 583              	HAL_EXTI_RegisterCallback:
 584              	.LVL45:
 585              	.LFB133:
 360:stm32/Drivers/STM32F4xx_HAL_Driver/Src/stm32f4xx_hal_exti.c **** 
 361:stm32/Drivers/STM32F4xx_HAL_Driver/Src/stm32f4xx_hal_exti.c **** /**
 362:stm32/Drivers/STM32F4xx_HAL_Driver/Src/stm32f4xx_hal_exti.c ****   * @brief  Register callback for a dedicated Exti line.
 363:stm32/Drivers/STM32F4xx_HAL_Driver/Src/stm32f4xx_hal_exti.c ****   * @param  hexti Exti handle.
 364:stm32/Drivers/STM32F4xx_HAL_Driver/Src/stm32f4xx_hal_exti.c ****   * @param  CallbackID User callback identifier.
 365:stm32/Drivers/STM32F4xx_HAL_Driver/Src/stm32f4xx_hal_exti.c ****   *         This parameter can be one of @arg @ref EXTI_CallbackIDTypeDef values.
 366:stm32/Drivers/STM32F4xx_HAL_Driver/Src/stm32f4xx_hal_exti.c ****   * @param  pPendingCbfn function pointer to be stored as callback.
 367:stm32/Drivers/STM32F4xx_HAL_Driver/Src/stm32f4xx_hal_exti.c ****   * @retval HAL Status.
 368:stm32/Drivers/STM32F4xx_HAL_Driver/Src/stm32f4xx_hal_exti.c ****   */
 369:stm32/Drivers/STM32F4xx_HAL_Driver/Src/stm32f4xx_hal_exti.c **** HAL_StatusTypeDef HAL_EXTI_RegisterCallback(EXTI_HandleTypeDef *hexti, EXTI_CallbackIDTypeDef Callb
 370:stm32/Drivers/STM32F4xx_HAL_Driver/Src/stm32f4xx_hal_exti.c **** {
 586              		.loc 1 370 1 is_stmt 1 view -0
 587              		.cfi_startproc
 588              		@ args = 0, pretend = 0, frame = 0
 589              		@ frame_needed = 0, uses_anonymous_args = 0
 590              		@ link register save eliminated.
 591              		.loc 1 370 1 is_stmt 0 view .LVU195
 592 0000 0346     		mov	r3, r0
 371:stm32/Drivers/STM32F4xx_HAL_Driver/Src/stm32f4xx_hal_exti.c ****   HAL_StatusTypeDef status = HAL_OK;
 593              		.loc 1 371 3 is_stmt 1 view .LVU196
 594              	.LVL46:
 372:stm32/Drivers/STM32F4xx_HAL_Driver/Src/stm32f4xx_hal_exti.c **** 
 373:stm32/Drivers/STM32F4xx_HAL_Driver/Src/stm32f4xx_hal_exti.c ****   switch (CallbackID)
 595              		.loc 1 373 3 view .LVU197
 596 0002 0846     		mov	r0, r1
 597              	.LVL47:
 598              		.loc 1 373 3 is_stmt 0 view .LVU198
ARM GAS  /var/folders/3_/bwhprqbs4159v4wd5z0pb2nr0000gn/T//ccUMgJxN.s 			page 19


 599 0004 09B9     		cbnz	r1, .L48
 374:stm32/Drivers/STM32F4xx_HAL_Driver/Src/stm32f4xx_hal_exti.c ****   {
 375:stm32/Drivers/STM32F4xx_HAL_Driver/Src/stm32f4xx_hal_exti.c ****     case  HAL_EXTI_COMMON_CB_ID:
 376:stm32/Drivers/STM32F4xx_HAL_Driver/Src/stm32f4xx_hal_exti.c ****       hexti->PendingCallback = pPendingCbfn;
 600              		.loc 1 376 7 is_stmt 1 view .LVU199
 601              		.loc 1 376 30 is_stmt 0 view .LVU200
 602 0006 5A60     		str	r2, [r3, #4]
 377:stm32/Drivers/STM32F4xx_HAL_Driver/Src/stm32f4xx_hal_exti.c ****       break;
 603              		.loc 1 377 7 is_stmt 1 view .LVU201
 604 0008 7047     		bx	lr
 605              	.L48:
 378:stm32/Drivers/STM32F4xx_HAL_Driver/Src/stm32f4xx_hal_exti.c **** 
 379:stm32/Drivers/STM32F4xx_HAL_Driver/Src/stm32f4xx_hal_exti.c ****     default:
 380:stm32/Drivers/STM32F4xx_HAL_Driver/Src/stm32f4xx_hal_exti.c ****       status = HAL_ERROR;
 606              		.loc 1 380 14 is_stmt 0 view .LVU202
 607 000a 0120     		movs	r0, #1
 608              	.LVL48:
 381:stm32/Drivers/STM32F4xx_HAL_Driver/Src/stm32f4xx_hal_exti.c ****       break;
 382:stm32/Drivers/STM32F4xx_HAL_Driver/Src/stm32f4xx_hal_exti.c ****   }
 383:stm32/Drivers/STM32F4xx_HAL_Driver/Src/stm32f4xx_hal_exti.c **** 
 384:stm32/Drivers/STM32F4xx_HAL_Driver/Src/stm32f4xx_hal_exti.c ****   return status;
 609              		.loc 1 384 3 is_stmt 1 view .LVU203
 385:stm32/Drivers/STM32F4xx_HAL_Driver/Src/stm32f4xx_hal_exti.c **** }
 610              		.loc 1 385 1 is_stmt 0 view .LVU204
 611 000c 7047     		bx	lr
 612              		.cfi_endproc
 613              	.LFE133:
 615              		.section	.text.HAL_EXTI_GetHandle,"ax",%progbits
 616              		.align	1
 617              		.global	HAL_EXTI_GetHandle
 618              		.syntax unified
 619              		.thumb
 620              		.thumb_func
 622              	HAL_EXTI_GetHandle:
 623              	.LVL49:
 624              	.LFB134:
 386:stm32/Drivers/STM32F4xx_HAL_Driver/Src/stm32f4xx_hal_exti.c **** 
 387:stm32/Drivers/STM32F4xx_HAL_Driver/Src/stm32f4xx_hal_exti.c **** /**
 388:stm32/Drivers/STM32F4xx_HAL_Driver/Src/stm32f4xx_hal_exti.c ****   * @brief  Store line number as handle private field.
 389:stm32/Drivers/STM32F4xx_HAL_Driver/Src/stm32f4xx_hal_exti.c ****   * @param  hexti Exti handle.
 390:stm32/Drivers/STM32F4xx_HAL_Driver/Src/stm32f4xx_hal_exti.c ****   * @param  ExtiLine Exti line number.
 391:stm32/Drivers/STM32F4xx_HAL_Driver/Src/stm32f4xx_hal_exti.c ****   *         This parameter can be from 0 to @ref EXTI_LINE_NB.
 392:stm32/Drivers/STM32F4xx_HAL_Driver/Src/stm32f4xx_hal_exti.c ****   * @retval HAL Status.
 393:stm32/Drivers/STM32F4xx_HAL_Driver/Src/stm32f4xx_hal_exti.c ****   */
 394:stm32/Drivers/STM32F4xx_HAL_Driver/Src/stm32f4xx_hal_exti.c **** HAL_StatusTypeDef HAL_EXTI_GetHandle(EXTI_HandleTypeDef *hexti, uint32_t ExtiLine)
 395:stm32/Drivers/STM32F4xx_HAL_Driver/Src/stm32f4xx_hal_exti.c **** {
 625              		.loc 1 395 1 is_stmt 1 view -0
 626              		.cfi_startproc
 627              		@ args = 0, pretend = 0, frame = 0
 628              		@ frame_needed = 0, uses_anonymous_args = 0
 629              		@ link register save eliminated.
 396:stm32/Drivers/STM32F4xx_HAL_Driver/Src/stm32f4xx_hal_exti.c ****   /* Check the parameters */
 397:stm32/Drivers/STM32F4xx_HAL_Driver/Src/stm32f4xx_hal_exti.c ****   assert_param(IS_EXTI_LINE(ExtiLine));
 630              		.loc 1 397 3 view .LVU206
 398:stm32/Drivers/STM32F4xx_HAL_Driver/Src/stm32f4xx_hal_exti.c **** 
 399:stm32/Drivers/STM32F4xx_HAL_Driver/Src/stm32f4xx_hal_exti.c ****   /* Check null pointer */
 400:stm32/Drivers/STM32F4xx_HAL_Driver/Src/stm32f4xx_hal_exti.c ****   if (hexti == NULL)
ARM GAS  /var/folders/3_/bwhprqbs4159v4wd5z0pb2nr0000gn/T//ccUMgJxN.s 			page 20


 631              		.loc 1 400 3 view .LVU207
 632              		.loc 1 400 6 is_stmt 0 view .LVU208
 633 0000 10B1     		cbz	r0, .L51
 401:stm32/Drivers/STM32F4xx_HAL_Driver/Src/stm32f4xx_hal_exti.c ****   {
 402:stm32/Drivers/STM32F4xx_HAL_Driver/Src/stm32f4xx_hal_exti.c ****     return HAL_ERROR;
 403:stm32/Drivers/STM32F4xx_HAL_Driver/Src/stm32f4xx_hal_exti.c ****   }
 404:stm32/Drivers/STM32F4xx_HAL_Driver/Src/stm32f4xx_hal_exti.c ****   else
 405:stm32/Drivers/STM32F4xx_HAL_Driver/Src/stm32f4xx_hal_exti.c ****   {
 406:stm32/Drivers/STM32F4xx_HAL_Driver/Src/stm32f4xx_hal_exti.c ****     /* Store line number as handle private field */
 407:stm32/Drivers/STM32F4xx_HAL_Driver/Src/stm32f4xx_hal_exti.c ****     hexti->Line = ExtiLine;
 634              		.loc 1 407 5 is_stmt 1 view .LVU209
 635              		.loc 1 407 17 is_stmt 0 view .LVU210
 636 0002 0160     		str	r1, [r0]
 408:stm32/Drivers/STM32F4xx_HAL_Driver/Src/stm32f4xx_hal_exti.c **** 
 409:stm32/Drivers/STM32F4xx_HAL_Driver/Src/stm32f4xx_hal_exti.c ****     return HAL_OK;
 637              		.loc 1 409 5 is_stmt 1 view .LVU211
 638              		.loc 1 409 12 is_stmt 0 view .LVU212
 639 0004 0020     		movs	r0, #0
 640              	.LVL50:
 641              		.loc 1 409 12 view .LVU213
 642 0006 7047     		bx	lr
 643              	.LVL51:
 644              	.L51:
 402:stm32/Drivers/STM32F4xx_HAL_Driver/Src/stm32f4xx_hal_exti.c ****   }
 645              		.loc 1 402 12 view .LVU214
 646 0008 0120     		movs	r0, #1
 647              	.LVL52:
 410:stm32/Drivers/STM32F4xx_HAL_Driver/Src/stm32f4xx_hal_exti.c ****   }
 411:stm32/Drivers/STM32F4xx_HAL_Driver/Src/stm32f4xx_hal_exti.c **** }
 648              		.loc 1 411 1 view .LVU215
 649 000a 7047     		bx	lr
 650              		.cfi_endproc
 651              	.LFE134:
 653              		.section	.text.HAL_EXTI_IRQHandler,"ax",%progbits
 654              		.align	1
 655              		.global	HAL_EXTI_IRQHandler
 656              		.syntax unified
 657              		.thumb
 658              		.thumb_func
 660              	HAL_EXTI_IRQHandler:
 661              	.LVL53:
 662              	.LFB135:
 412:stm32/Drivers/STM32F4xx_HAL_Driver/Src/stm32f4xx_hal_exti.c **** 
 413:stm32/Drivers/STM32F4xx_HAL_Driver/Src/stm32f4xx_hal_exti.c **** /**
 414:stm32/Drivers/STM32F4xx_HAL_Driver/Src/stm32f4xx_hal_exti.c ****   * @}
 415:stm32/Drivers/STM32F4xx_HAL_Driver/Src/stm32f4xx_hal_exti.c ****   */
 416:stm32/Drivers/STM32F4xx_HAL_Driver/Src/stm32f4xx_hal_exti.c **** 
 417:stm32/Drivers/STM32F4xx_HAL_Driver/Src/stm32f4xx_hal_exti.c **** /** @addtogroup EXTI_Exported_Functions_Group2
 418:stm32/Drivers/STM32F4xx_HAL_Driver/Src/stm32f4xx_hal_exti.c ****   *  @brief EXTI IO functions.
 419:stm32/Drivers/STM32F4xx_HAL_Driver/Src/stm32f4xx_hal_exti.c ****   *
 420:stm32/Drivers/STM32F4xx_HAL_Driver/Src/stm32f4xx_hal_exti.c **** @verbatim
 421:stm32/Drivers/STM32F4xx_HAL_Driver/Src/stm32f4xx_hal_exti.c ****  ===============================================================================
 422:stm32/Drivers/STM32F4xx_HAL_Driver/Src/stm32f4xx_hal_exti.c ****                        ##### IO operation functions #####
 423:stm32/Drivers/STM32F4xx_HAL_Driver/Src/stm32f4xx_hal_exti.c ****  ===============================================================================
 424:stm32/Drivers/STM32F4xx_HAL_Driver/Src/stm32f4xx_hal_exti.c **** 
 425:stm32/Drivers/STM32F4xx_HAL_Driver/Src/stm32f4xx_hal_exti.c **** @endverbatim
 426:stm32/Drivers/STM32F4xx_HAL_Driver/Src/stm32f4xx_hal_exti.c ****   * @{
ARM GAS  /var/folders/3_/bwhprqbs4159v4wd5z0pb2nr0000gn/T//ccUMgJxN.s 			page 21


 427:stm32/Drivers/STM32F4xx_HAL_Driver/Src/stm32f4xx_hal_exti.c ****   */
 428:stm32/Drivers/STM32F4xx_HAL_Driver/Src/stm32f4xx_hal_exti.c **** 
 429:stm32/Drivers/STM32F4xx_HAL_Driver/Src/stm32f4xx_hal_exti.c **** /**
 430:stm32/Drivers/STM32F4xx_HAL_Driver/Src/stm32f4xx_hal_exti.c ****   * @brief  Handle EXTI interrupt request.
 431:stm32/Drivers/STM32F4xx_HAL_Driver/Src/stm32f4xx_hal_exti.c ****   * @param  hexti Exti handle.
 432:stm32/Drivers/STM32F4xx_HAL_Driver/Src/stm32f4xx_hal_exti.c ****   * @retval none.
 433:stm32/Drivers/STM32F4xx_HAL_Driver/Src/stm32f4xx_hal_exti.c ****   */
 434:stm32/Drivers/STM32F4xx_HAL_Driver/Src/stm32f4xx_hal_exti.c **** void HAL_EXTI_IRQHandler(EXTI_HandleTypeDef *hexti)
 435:stm32/Drivers/STM32F4xx_HAL_Driver/Src/stm32f4xx_hal_exti.c **** {
 663              		.loc 1 435 1 is_stmt 1 view -0
 664              		.cfi_startproc
 665              		@ args = 0, pretend = 0, frame = 0
 666              		@ frame_needed = 0, uses_anonymous_args = 0
 667              		.loc 1 435 1 is_stmt 0 view .LVU217
 668 0000 08B5     		push	{r3, lr}
 669              	.LCFI7:
 670              		.cfi_def_cfa_offset 8
 671              		.cfi_offset 3, -8
 672              		.cfi_offset 14, -4
 436:stm32/Drivers/STM32F4xx_HAL_Driver/Src/stm32f4xx_hal_exti.c ****   uint32_t regval;
 673              		.loc 1 436 3 is_stmt 1 view .LVU218
 437:stm32/Drivers/STM32F4xx_HAL_Driver/Src/stm32f4xx_hal_exti.c ****   uint32_t maskline;
 674              		.loc 1 437 3 view .LVU219
 438:stm32/Drivers/STM32F4xx_HAL_Driver/Src/stm32f4xx_hal_exti.c **** 
 439:stm32/Drivers/STM32F4xx_HAL_Driver/Src/stm32f4xx_hal_exti.c ****   /* Compute line mask */
 440:stm32/Drivers/STM32F4xx_HAL_Driver/Src/stm32f4xx_hal_exti.c ****   maskline = (1uL << (hexti->Line & EXTI_PIN_MASK));
 675              		.loc 1 440 3 view .LVU220
 676              		.loc 1 440 28 is_stmt 0 view .LVU221
 677 0002 0368     		ldr	r3, [r0]
 678              		.loc 1 440 35 view .LVU222
 679 0004 03F01F02 		and	r2, r3, #31
 680              		.loc 1 440 12 view .LVU223
 681 0008 0123     		movs	r3, #1
 682 000a 9340     		lsls	r3, r3, r2
 683              	.LVL54:
 441:stm32/Drivers/STM32F4xx_HAL_Driver/Src/stm32f4xx_hal_exti.c **** 
 442:stm32/Drivers/STM32F4xx_HAL_Driver/Src/stm32f4xx_hal_exti.c ****   /* Get pending bit  */
 443:stm32/Drivers/STM32F4xx_HAL_Driver/Src/stm32f4xx_hal_exti.c ****   regval = (EXTI->PR & maskline);
 684              		.loc 1 443 3 is_stmt 1 view .LVU224
 685              		.loc 1 443 17 is_stmt 0 view .LVU225
 686 000c 044A     		ldr	r2, .L55
 687 000e 5269     		ldr	r2, [r2, #20]
 688              	.LVL55:
 444:stm32/Drivers/STM32F4xx_HAL_Driver/Src/stm32f4xx_hal_exti.c ****   if (regval != 0x00u)
 689              		.loc 1 444 3 is_stmt 1 view .LVU226
 690              		.loc 1 444 6 is_stmt 0 view .LVU227
 691 0010 1A42     		tst	r2, r3
 692 0012 04D0     		beq	.L52
 445:stm32/Drivers/STM32F4xx_HAL_Driver/Src/stm32f4xx_hal_exti.c ****   {
 446:stm32/Drivers/STM32F4xx_HAL_Driver/Src/stm32f4xx_hal_exti.c ****     /* Clear pending bit */
 447:stm32/Drivers/STM32F4xx_HAL_Driver/Src/stm32f4xx_hal_exti.c ****     EXTI->PR = maskline;
 693              		.loc 1 447 5 is_stmt 1 view .LVU228
 694              		.loc 1 447 14 is_stmt 0 view .LVU229
 695 0014 024A     		ldr	r2, .L55
 696              	.LVL56:
 697              		.loc 1 447 14 view .LVU230
 698 0016 5361     		str	r3, [r2, #20]
ARM GAS  /var/folders/3_/bwhprqbs4159v4wd5z0pb2nr0000gn/T//ccUMgJxN.s 			page 22


 448:stm32/Drivers/STM32F4xx_HAL_Driver/Src/stm32f4xx_hal_exti.c **** 
 449:stm32/Drivers/STM32F4xx_HAL_Driver/Src/stm32f4xx_hal_exti.c ****     /* Call callback */
 450:stm32/Drivers/STM32F4xx_HAL_Driver/Src/stm32f4xx_hal_exti.c ****     if (hexti->PendingCallback != NULL)
 699              		.loc 1 450 5 is_stmt 1 view .LVU231
 700              		.loc 1 450 14 is_stmt 0 view .LVU232
 701 0018 4368     		ldr	r3, [r0, #4]
 702              	.LVL57:
 703              		.loc 1 450 8 view .LVU233
 704 001a 03B1     		cbz	r3, .L52
 451:stm32/Drivers/STM32F4xx_HAL_Driver/Src/stm32f4xx_hal_exti.c ****     {
 452:stm32/Drivers/STM32F4xx_HAL_Driver/Src/stm32f4xx_hal_exti.c ****       hexti->PendingCallback();
 705              		.loc 1 452 7 is_stmt 1 view .LVU234
 706 001c 9847     		blx	r3
 707              	.LVL58:
 708              	.L52:
 453:stm32/Drivers/STM32F4xx_HAL_Driver/Src/stm32f4xx_hal_exti.c ****     }
 454:stm32/Drivers/STM32F4xx_HAL_Driver/Src/stm32f4xx_hal_exti.c ****   }
 455:stm32/Drivers/STM32F4xx_HAL_Driver/Src/stm32f4xx_hal_exti.c **** }
 709              		.loc 1 455 1 is_stmt 0 view .LVU235
 710 001e 08BD     		pop	{r3, pc}
 711              	.L56:
 712              		.align	2
 713              	.L55:
 714 0020 003C0140 		.word	1073822720
 715              		.cfi_endproc
 716              	.LFE135:
 718              		.section	.text.HAL_EXTI_GetPending,"ax",%progbits
 719              		.align	1
 720              		.global	HAL_EXTI_GetPending
 721              		.syntax unified
 722              		.thumb
 723              		.thumb_func
 725              	HAL_EXTI_GetPending:
 726              	.LVL59:
 727              	.LFB136:
 456:stm32/Drivers/STM32F4xx_HAL_Driver/Src/stm32f4xx_hal_exti.c **** 
 457:stm32/Drivers/STM32F4xx_HAL_Driver/Src/stm32f4xx_hal_exti.c **** /**
 458:stm32/Drivers/STM32F4xx_HAL_Driver/Src/stm32f4xx_hal_exti.c ****   * @brief  Get interrupt pending bit of a dedicated line.
 459:stm32/Drivers/STM32F4xx_HAL_Driver/Src/stm32f4xx_hal_exti.c ****   * @param  hexti Exti handle.
 460:stm32/Drivers/STM32F4xx_HAL_Driver/Src/stm32f4xx_hal_exti.c ****   * @param  Edge Specify which pending edge as to be checked.
 461:stm32/Drivers/STM32F4xx_HAL_Driver/Src/stm32f4xx_hal_exti.c ****   *         This parameter can be one of the following values:
 462:stm32/Drivers/STM32F4xx_HAL_Driver/Src/stm32f4xx_hal_exti.c ****   *           @arg @ref EXTI_TRIGGER_RISING_FALLING
 463:stm32/Drivers/STM32F4xx_HAL_Driver/Src/stm32f4xx_hal_exti.c ****   *         This parameter is kept for compatibility with other series.
 464:stm32/Drivers/STM32F4xx_HAL_Driver/Src/stm32f4xx_hal_exti.c ****   * @retval 1 if interrupt is pending else 0.
 465:stm32/Drivers/STM32F4xx_HAL_Driver/Src/stm32f4xx_hal_exti.c ****   */
 466:stm32/Drivers/STM32F4xx_HAL_Driver/Src/stm32f4xx_hal_exti.c **** uint32_t HAL_EXTI_GetPending(EXTI_HandleTypeDef *hexti, uint32_t Edge)
 467:stm32/Drivers/STM32F4xx_HAL_Driver/Src/stm32f4xx_hal_exti.c **** {
 728              		.loc 1 467 1 is_stmt 1 view -0
 729              		.cfi_startproc
 730              		@ args = 0, pretend = 0, frame = 0
 731              		@ frame_needed = 0, uses_anonymous_args = 0
 732              		@ link register save eliminated.
 468:stm32/Drivers/STM32F4xx_HAL_Driver/Src/stm32f4xx_hal_exti.c ****   uint32_t regval;
 733              		.loc 1 468 3 view .LVU237
 469:stm32/Drivers/STM32F4xx_HAL_Driver/Src/stm32f4xx_hal_exti.c ****   uint32_t linepos;
 734              		.loc 1 469 3 view .LVU238
 470:stm32/Drivers/STM32F4xx_HAL_Driver/Src/stm32f4xx_hal_exti.c ****   uint32_t maskline;
ARM GAS  /var/folders/3_/bwhprqbs4159v4wd5z0pb2nr0000gn/T//ccUMgJxN.s 			page 23


 735              		.loc 1 470 3 view .LVU239
 471:stm32/Drivers/STM32F4xx_HAL_Driver/Src/stm32f4xx_hal_exti.c **** 
 472:stm32/Drivers/STM32F4xx_HAL_Driver/Src/stm32f4xx_hal_exti.c ****   /* Check parameters */
 473:stm32/Drivers/STM32F4xx_HAL_Driver/Src/stm32f4xx_hal_exti.c ****   assert_param(IS_EXTI_LINE(hexti->Line));
 736              		.loc 1 473 3 view .LVU240
 474:stm32/Drivers/STM32F4xx_HAL_Driver/Src/stm32f4xx_hal_exti.c ****   assert_param(IS_EXTI_CONFIG_LINE(hexti->Line));
 737              		.loc 1 474 3 view .LVU241
 475:stm32/Drivers/STM32F4xx_HAL_Driver/Src/stm32f4xx_hal_exti.c ****   assert_param(IS_EXTI_PENDING_EDGE(Edge));
 738              		.loc 1 475 3 view .LVU242
 476:stm32/Drivers/STM32F4xx_HAL_Driver/Src/stm32f4xx_hal_exti.c **** 
 477:stm32/Drivers/STM32F4xx_HAL_Driver/Src/stm32f4xx_hal_exti.c ****   /* Compute line mask */
 478:stm32/Drivers/STM32F4xx_HAL_Driver/Src/stm32f4xx_hal_exti.c ****   linepos = (hexti->Line & EXTI_PIN_MASK);
 739              		.loc 1 478 3 view .LVU243
 740              		.loc 1 478 19 is_stmt 0 view .LVU244
 741 0000 0368     		ldr	r3, [r0]
 742              		.loc 1 478 11 view .LVU245
 743 0002 03F01F03 		and	r3, r3, #31
 744              	.LVL60:
 479:stm32/Drivers/STM32F4xx_HAL_Driver/Src/stm32f4xx_hal_exti.c ****   maskline = (1uL << linepos);
 745              		.loc 1 479 3 is_stmt 1 view .LVU246
 746              		.loc 1 479 12 is_stmt 0 view .LVU247
 747 0006 0122     		movs	r2, #1
 748 0008 9A40     		lsls	r2, r2, r3
 749              	.LVL61:
 480:stm32/Drivers/STM32F4xx_HAL_Driver/Src/stm32f4xx_hal_exti.c **** 
 481:stm32/Drivers/STM32F4xx_HAL_Driver/Src/stm32f4xx_hal_exti.c ****   /* return 1 if bit is set else 0 */
 482:stm32/Drivers/STM32F4xx_HAL_Driver/Src/stm32f4xx_hal_exti.c ****   regval = ((EXTI->PR & maskline) >> linepos);
 750              		.loc 1 482 3 is_stmt 1 view .LVU248
 751              		.loc 1 482 18 is_stmt 0 view .LVU249
 752 000a 0249     		ldr	r1, .L58
 753              	.LVL62:
 754              		.loc 1 482 18 view .LVU250
 755 000c 4869     		ldr	r0, [r1, #20]
 756              	.LVL63:
 757              		.loc 1 482 23 view .LVU251
 758 000e 1040     		ands	r0, r0, r2
 759              	.LVL64:
 483:stm32/Drivers/STM32F4xx_HAL_Driver/Src/stm32f4xx_hal_exti.c ****   return regval;
 760              		.loc 1 483 3 is_stmt 1 view .LVU252
 484:stm32/Drivers/STM32F4xx_HAL_Driver/Src/stm32f4xx_hal_exti.c **** }
 761              		.loc 1 484 1 is_stmt 0 view .LVU253
 762 0010 D840     		lsrs	r0, r0, r3
 763              	.LVL65:
 764              		.loc 1 484 1 view .LVU254
 765 0012 7047     		bx	lr
 766              	.L59:
 767              		.align	2
 768              	.L58:
 769 0014 003C0140 		.word	1073822720
 770              		.cfi_endproc
 771              	.LFE136:
 773              		.section	.text.HAL_EXTI_ClearPending,"ax",%progbits
 774              		.align	1
 775              		.global	HAL_EXTI_ClearPending
 776              		.syntax unified
 777              		.thumb
 778              		.thumb_func
ARM GAS  /var/folders/3_/bwhprqbs4159v4wd5z0pb2nr0000gn/T//ccUMgJxN.s 			page 24


 780              	HAL_EXTI_ClearPending:
 781              	.LVL66:
 782              	.LFB137:
 485:stm32/Drivers/STM32F4xx_HAL_Driver/Src/stm32f4xx_hal_exti.c **** 
 486:stm32/Drivers/STM32F4xx_HAL_Driver/Src/stm32f4xx_hal_exti.c **** /**
 487:stm32/Drivers/STM32F4xx_HAL_Driver/Src/stm32f4xx_hal_exti.c ****   * @brief  Clear interrupt pending bit of a dedicated line.
 488:stm32/Drivers/STM32F4xx_HAL_Driver/Src/stm32f4xx_hal_exti.c ****   * @param  hexti Exti handle.
 489:stm32/Drivers/STM32F4xx_HAL_Driver/Src/stm32f4xx_hal_exti.c ****   * @param  Edge Specify which pending edge as to be clear.
 490:stm32/Drivers/STM32F4xx_HAL_Driver/Src/stm32f4xx_hal_exti.c ****   *         This parameter can be one of the following values:
 491:stm32/Drivers/STM32F4xx_HAL_Driver/Src/stm32f4xx_hal_exti.c ****   *           @arg @ref EXTI_TRIGGER_RISING_FALLING
 492:stm32/Drivers/STM32F4xx_HAL_Driver/Src/stm32f4xx_hal_exti.c ****   *         This parameter is kept for compatibility with other series.
 493:stm32/Drivers/STM32F4xx_HAL_Driver/Src/stm32f4xx_hal_exti.c ****   * @retval None.
 494:stm32/Drivers/STM32F4xx_HAL_Driver/Src/stm32f4xx_hal_exti.c ****   */
 495:stm32/Drivers/STM32F4xx_HAL_Driver/Src/stm32f4xx_hal_exti.c **** void HAL_EXTI_ClearPending(EXTI_HandleTypeDef *hexti, uint32_t Edge)
 496:stm32/Drivers/STM32F4xx_HAL_Driver/Src/stm32f4xx_hal_exti.c **** {
 783              		.loc 1 496 1 is_stmt 1 view -0
 784              		.cfi_startproc
 785              		@ args = 0, pretend = 0, frame = 0
 786              		@ frame_needed = 0, uses_anonymous_args = 0
 787              		@ link register save eliminated.
 497:stm32/Drivers/STM32F4xx_HAL_Driver/Src/stm32f4xx_hal_exti.c ****   uint32_t maskline;
 788              		.loc 1 497 3 view .LVU256
 498:stm32/Drivers/STM32F4xx_HAL_Driver/Src/stm32f4xx_hal_exti.c **** 
 499:stm32/Drivers/STM32F4xx_HAL_Driver/Src/stm32f4xx_hal_exti.c ****   /* Check parameters */
 500:stm32/Drivers/STM32F4xx_HAL_Driver/Src/stm32f4xx_hal_exti.c ****   assert_param(IS_EXTI_LINE(hexti->Line));
 789              		.loc 1 500 3 view .LVU257
 501:stm32/Drivers/STM32F4xx_HAL_Driver/Src/stm32f4xx_hal_exti.c ****   assert_param(IS_EXTI_CONFIG_LINE(hexti->Line));
 790              		.loc 1 501 3 view .LVU258
 502:stm32/Drivers/STM32F4xx_HAL_Driver/Src/stm32f4xx_hal_exti.c ****   assert_param(IS_EXTI_PENDING_EDGE(Edge));
 791              		.loc 1 502 3 view .LVU259
 503:stm32/Drivers/STM32F4xx_HAL_Driver/Src/stm32f4xx_hal_exti.c **** 
 504:stm32/Drivers/STM32F4xx_HAL_Driver/Src/stm32f4xx_hal_exti.c ****   /* Compute line mask */
 505:stm32/Drivers/STM32F4xx_HAL_Driver/Src/stm32f4xx_hal_exti.c ****   maskline = (1uL << (hexti->Line & EXTI_PIN_MASK));
 792              		.loc 1 505 3 view .LVU260
 793              		.loc 1 505 28 is_stmt 0 view .LVU261
 794 0000 0268     		ldr	r2, [r0]
 795              		.loc 1 505 35 view .LVU262
 796 0002 02F01F02 		and	r2, r2, #31
 797              		.loc 1 505 12 view .LVU263
 798 0006 0123     		movs	r3, #1
 799 0008 9340     		lsls	r3, r3, r2
 800              	.LVL67:
 506:stm32/Drivers/STM32F4xx_HAL_Driver/Src/stm32f4xx_hal_exti.c **** 
 507:stm32/Drivers/STM32F4xx_HAL_Driver/Src/stm32f4xx_hal_exti.c ****   /* Clear Pending bit */
 508:stm32/Drivers/STM32F4xx_HAL_Driver/Src/stm32f4xx_hal_exti.c ****   EXTI->PR =  maskline;
 801              		.loc 1 508 3 is_stmt 1 view .LVU264
 802              		.loc 1 508 12 is_stmt 0 view .LVU265
 803 000a 014A     		ldr	r2, .L61
 804 000c 5361     		str	r3, [r2, #20]
 509:stm32/Drivers/STM32F4xx_HAL_Driver/Src/stm32f4xx_hal_exti.c **** }
 805              		.loc 1 509 1 view .LVU266
 806 000e 7047     		bx	lr
 807              	.L62:
 808              		.align	2
 809              	.L61:
 810 0010 003C0140 		.word	1073822720
 811              		.cfi_endproc
ARM GAS  /var/folders/3_/bwhprqbs4159v4wd5z0pb2nr0000gn/T//ccUMgJxN.s 			page 25


 812              	.LFE137:
 814              		.section	.text.HAL_EXTI_GenerateSWI,"ax",%progbits
 815              		.align	1
 816              		.global	HAL_EXTI_GenerateSWI
 817              		.syntax unified
 818              		.thumb
 819              		.thumb_func
 821              	HAL_EXTI_GenerateSWI:
 822              	.LVL68:
 823              	.LFB138:
 510:stm32/Drivers/STM32F4xx_HAL_Driver/Src/stm32f4xx_hal_exti.c **** 
 511:stm32/Drivers/STM32F4xx_HAL_Driver/Src/stm32f4xx_hal_exti.c **** /**
 512:stm32/Drivers/STM32F4xx_HAL_Driver/Src/stm32f4xx_hal_exti.c ****   * @brief  Generate a software interrupt for a dedicated line.
 513:stm32/Drivers/STM32F4xx_HAL_Driver/Src/stm32f4xx_hal_exti.c ****   * @param  hexti Exti handle.
 514:stm32/Drivers/STM32F4xx_HAL_Driver/Src/stm32f4xx_hal_exti.c ****   * @retval None.
 515:stm32/Drivers/STM32F4xx_HAL_Driver/Src/stm32f4xx_hal_exti.c ****   */
 516:stm32/Drivers/STM32F4xx_HAL_Driver/Src/stm32f4xx_hal_exti.c **** void HAL_EXTI_GenerateSWI(EXTI_HandleTypeDef *hexti)
 517:stm32/Drivers/STM32F4xx_HAL_Driver/Src/stm32f4xx_hal_exti.c **** {
 824              		.loc 1 517 1 is_stmt 1 view -0
 825              		.cfi_startproc
 826              		@ args = 0, pretend = 0, frame = 0
 827              		@ frame_needed = 0, uses_anonymous_args = 0
 828              		@ link register save eliminated.
 518:stm32/Drivers/STM32F4xx_HAL_Driver/Src/stm32f4xx_hal_exti.c ****   uint32_t maskline;
 829              		.loc 1 518 3 view .LVU268
 519:stm32/Drivers/STM32F4xx_HAL_Driver/Src/stm32f4xx_hal_exti.c **** 
 520:stm32/Drivers/STM32F4xx_HAL_Driver/Src/stm32f4xx_hal_exti.c ****   /* Check parameters */
 521:stm32/Drivers/STM32F4xx_HAL_Driver/Src/stm32f4xx_hal_exti.c ****   assert_param(IS_EXTI_LINE(hexti->Line));
 830              		.loc 1 521 3 view .LVU269
 522:stm32/Drivers/STM32F4xx_HAL_Driver/Src/stm32f4xx_hal_exti.c ****   assert_param(IS_EXTI_CONFIG_LINE(hexti->Line));
 831              		.loc 1 522 3 view .LVU270
 523:stm32/Drivers/STM32F4xx_HAL_Driver/Src/stm32f4xx_hal_exti.c **** 
 524:stm32/Drivers/STM32F4xx_HAL_Driver/Src/stm32f4xx_hal_exti.c ****   /* Compute line mask */
 525:stm32/Drivers/STM32F4xx_HAL_Driver/Src/stm32f4xx_hal_exti.c ****   maskline = (1uL << (hexti->Line & EXTI_PIN_MASK));
 832              		.loc 1 525 3 view .LVU271
 833              		.loc 1 525 28 is_stmt 0 view .LVU272
 834 0000 0268     		ldr	r2, [r0]
 835              		.loc 1 525 35 view .LVU273
 836 0002 02F01F02 		and	r2, r2, #31
 837              		.loc 1 525 12 view .LVU274
 838 0006 0123     		movs	r3, #1
 839 0008 9340     		lsls	r3, r3, r2
 840              	.LVL69:
 526:stm32/Drivers/STM32F4xx_HAL_Driver/Src/stm32f4xx_hal_exti.c **** 
 527:stm32/Drivers/STM32F4xx_HAL_Driver/Src/stm32f4xx_hal_exti.c ****   /* Generate Software interrupt */
 528:stm32/Drivers/STM32F4xx_HAL_Driver/Src/stm32f4xx_hal_exti.c ****   EXTI->SWIER = maskline;
 841              		.loc 1 528 3 is_stmt 1 view .LVU275
 842              		.loc 1 528 15 is_stmt 0 view .LVU276
 843 000a 014A     		ldr	r2, .L64
 844 000c 1361     		str	r3, [r2, #16]
 529:stm32/Drivers/STM32F4xx_HAL_Driver/Src/stm32f4xx_hal_exti.c **** }
 845              		.loc 1 529 1 view .LVU277
 846 000e 7047     		bx	lr
 847              	.L65:
 848              		.align	2
 849              	.L64:
 850 0010 003C0140 		.word	1073822720
ARM GAS  /var/folders/3_/bwhprqbs4159v4wd5z0pb2nr0000gn/T//ccUMgJxN.s 			page 26


 851              		.cfi_endproc
 852              	.LFE138:
 854              		.text
 855              	.Letext0:
 856              		.file 2 "/Applications/ARM/arm-none-eabi/include/machine/_default_types.h"
 857              		.file 3 "/Applications/ARM/arm-none-eabi/include/sys/_stdint.h"
 858              		.file 4 "stm32/Drivers/CMSIS/Device/ST/STM32F4xx/Include/stm32f401xc.h"
 859              		.file 5 "stm32/Drivers/STM32F4xx_HAL_Driver/Inc/stm32f4xx_hal_def.h"
 860              		.file 6 "stm32/Drivers/STM32F4xx_HAL_Driver/Inc/stm32f4xx_hal_exti.h"
ARM GAS  /var/folders/3_/bwhprqbs4159v4wd5z0pb2nr0000gn/T//ccUMgJxN.s 			page 27


DEFINED SYMBOLS
                            *ABS*:0000000000000000 stm32f4xx_hal_exti.c
/var/folders/3_/bwhprqbs4159v4wd5z0pb2nr0000gn/T//ccUMgJxN.s:20     .text.HAL_EXTI_SetConfigLine:0000000000000000 $t
/var/folders/3_/bwhprqbs4159v4wd5z0pb2nr0000gn/T//ccUMgJxN.s:26     .text.HAL_EXTI_SetConfigLine:0000000000000000 HAL_EXTI_SetConfigLine
/var/folders/3_/bwhprqbs4159v4wd5z0pb2nr0000gn/T//ccUMgJxN.s:243    .text.HAL_EXTI_SetConfigLine:00000000000000d0 $d
/var/folders/3_/bwhprqbs4159v4wd5z0pb2nr0000gn/T//ccUMgJxN.s:249    .text.HAL_EXTI_GetConfigLine:0000000000000000 $t
/var/folders/3_/bwhprqbs4159v4wd5z0pb2nr0000gn/T//ccUMgJxN.s:255    .text.HAL_EXTI_GetConfigLine:0000000000000000 HAL_EXTI_GetConfigLine
/var/folders/3_/bwhprqbs4159v4wd5z0pb2nr0000gn/T//ccUMgJxN.s:419    .text.HAL_EXTI_GetConfigLine:00000000000000a0 $d
/var/folders/3_/bwhprqbs4159v4wd5z0pb2nr0000gn/T//ccUMgJxN.s:425    .text.HAL_EXTI_ClearConfigLine:0000000000000000 $t
/var/folders/3_/bwhprqbs4159v4wd5z0pb2nr0000gn/T//ccUMgJxN.s:431    .text.HAL_EXTI_ClearConfigLine:0000000000000000 HAL_EXTI_ClearConfigLine
/var/folders/3_/bwhprqbs4159v4wd5z0pb2nr0000gn/T//ccUMgJxN.s:571    .text.HAL_EXTI_ClearConfigLine:000000000000007c $d
/var/folders/3_/bwhprqbs4159v4wd5z0pb2nr0000gn/T//ccUMgJxN.s:577    .text.HAL_EXTI_RegisterCallback:0000000000000000 $t
/var/folders/3_/bwhprqbs4159v4wd5z0pb2nr0000gn/T//ccUMgJxN.s:583    .text.HAL_EXTI_RegisterCallback:0000000000000000 HAL_EXTI_RegisterCallback
/var/folders/3_/bwhprqbs4159v4wd5z0pb2nr0000gn/T//ccUMgJxN.s:616    .text.HAL_EXTI_GetHandle:0000000000000000 $t
/var/folders/3_/bwhprqbs4159v4wd5z0pb2nr0000gn/T//ccUMgJxN.s:622    .text.HAL_EXTI_GetHandle:0000000000000000 HAL_EXTI_GetHandle
/var/folders/3_/bwhprqbs4159v4wd5z0pb2nr0000gn/T//ccUMgJxN.s:654    .text.HAL_EXTI_IRQHandler:0000000000000000 $t
/var/folders/3_/bwhprqbs4159v4wd5z0pb2nr0000gn/T//ccUMgJxN.s:660    .text.HAL_EXTI_IRQHandler:0000000000000000 HAL_EXTI_IRQHandler
/var/folders/3_/bwhprqbs4159v4wd5z0pb2nr0000gn/T//ccUMgJxN.s:714    .text.HAL_EXTI_IRQHandler:0000000000000020 $d
/var/folders/3_/bwhprqbs4159v4wd5z0pb2nr0000gn/T//ccUMgJxN.s:719    .text.HAL_EXTI_GetPending:0000000000000000 $t
/var/folders/3_/bwhprqbs4159v4wd5z0pb2nr0000gn/T//ccUMgJxN.s:725    .text.HAL_EXTI_GetPending:0000000000000000 HAL_EXTI_GetPending
/var/folders/3_/bwhprqbs4159v4wd5z0pb2nr0000gn/T//ccUMgJxN.s:769    .text.HAL_EXTI_GetPending:0000000000000014 $d
/var/folders/3_/bwhprqbs4159v4wd5z0pb2nr0000gn/T//ccUMgJxN.s:774    .text.HAL_EXTI_ClearPending:0000000000000000 $t
/var/folders/3_/bwhprqbs4159v4wd5z0pb2nr0000gn/T//ccUMgJxN.s:780    .text.HAL_EXTI_ClearPending:0000000000000000 HAL_EXTI_ClearPending
/var/folders/3_/bwhprqbs4159v4wd5z0pb2nr0000gn/T//ccUMgJxN.s:810    .text.HAL_EXTI_ClearPending:0000000000000010 $d
/var/folders/3_/bwhprqbs4159v4wd5z0pb2nr0000gn/T//ccUMgJxN.s:815    .text.HAL_EXTI_GenerateSWI:0000000000000000 $t
/var/folders/3_/bwhprqbs4159v4wd5z0pb2nr0000gn/T//ccUMgJxN.s:821    .text.HAL_EXTI_GenerateSWI:0000000000000000 HAL_EXTI_GenerateSWI
/var/folders/3_/bwhprqbs4159v4wd5z0pb2nr0000gn/T//ccUMgJxN.s:850    .text.HAL_EXTI_GenerateSWI:0000000000000010 $d

NO UNDEFINED SYMBOLS
